TN:
SF:src\middleware.ts
FN:13,middleware
FNF:1
FNH:0
FNDA:0,middleware
DA:4,0
DA:6,0
DA:8,0
DA:11,0
DA:13,0
DA:14,0
DA:17,0
DA:18,0
DA:22,0
DA:27,0
DA:31,0
DA:33,0
DA:35,0
DA:36,0
DA:37,0
DA:41,0
DA:43,0
DA:45,0
DA:46,0
DA:47,0
DA:50,0
DA:52,0
DA:56,0
DA:59,0
LF:24
LH:0
BRDA:17,0,0,0
BRDA:17,0,1,0
BRDA:22,1,0,0
BRDA:22,1,1,0
BRDA:23,2,0,0
BRDA:23,2,1,0
BRDA:23,2,2,0
BRDA:33,3,0,0
BRDA:33,3,1,0
BRDA:43,4,0,0
BRDA:43,4,1,0
BRF:11
BRH:0
end_of_record
TN:
SF:src\app\layout.tsx
FN:12,RootLayout
FNF:1
FNH:0
FNDA:0,RootLayout
DA:2,0
DA:4,0
DA:5,0
DA:7,0
DA:12,0
LF:5
LH:0
BRF:0
BRH:0
end_of_record
TN:
SF:src\app\page.tsx
FN:4,HomePage
FNF:1
FNH:0
FNDA:0,HomePage
DA:2,0
DA:4,0
DA:5,0
LF:3
LH:0
BRF:0
BRH:0
end_of_record
TN:
SF:src\app\accounting\page.tsx
FN:9,AccountingPage
FN:61,(anonymous_5)
FN:62,(anonymous_6)
FN:62,(anonymous_7)
FN:63,(anonymous_8)
FN:67,(anonymous_9)
FN:68,(anonymous_10)
FN:68,(anonymous_11)
FN:69,(anonymous_12)
FNF:9
FNH:0
FNDA:0,AccountingPage
FNDA:0,(anonymous_5)
FNDA:0,(anonymous_6)
FNDA:0,(anonymous_7)
FNDA:0,(anonymous_8)
FNDA:0,(anonymous_9)
FNDA:0,(anonymous_10)
FNDA:0,(anonymous_11)
FNDA:0,(anonymous_12)
DA:2,0
DA:3,0
DA:5,0
DA:9,0
DA:10,0
DA:13,0
DA:20,0
DA:40,0
DA:46,0
DA:53,0
DA:60,0
DA:61,0
DA:62,0
DA:63,0
DA:66,0
DA:67,0
DA:68,0
DA:69,0
LF:18
LH:0
BRDA:61,0,0,0
BRDA:61,0,1,0
BRDA:62,1,0,0
BRDA:62,1,1,0
BRDA:63,2,0,0
BRDA:63,2,1,0
BRDA:67,3,0,0
BRDA:67,3,1,0
BRDA:68,4,0,0
BRDA:68,4,1,0
BRDA:69,5,0,0
BRDA:69,5,1,0
BRDA:74,6,0,0
BRDA:74,6,1,0
BRDA:75,7,0,0
BRDA:75,7,1,0
BRDA:76,8,0,0
BRDA:76,8,1,0
BRDA:77,9,0,0
BRDA:77,9,1,0
BRF:20
BRH:0
end_of_record
TN:
SF:src\app\admin\page.tsx
FN:7,AdminPage
FN:80,(anonymous_5)
FN:109,(anonymous_6)
FNF:3
FNH:0
FNDA:0,AdminPage
FNDA:0,(anonymous_5)
FNDA:0,(anonymous_6)
DA:2,0
DA:3,0
DA:5,0
DA:7,0
DA:8,0
DA:11,0
DA:19,0
DA:81,0
DA:110,0
LF:9
LH:0
BRDA:23,0,0,0
BRDA:23,0,1,0
BRDA:31,1,0,0
BRDA:31,1,1,0
BRDA:47,2,0,0
BRDA:47,2,1,0
BRDA:55,3,0,0
BRDA:55,3,1,0
BRDA:63,4,0,0
BRDA:63,4,1,0
BRDA:88,5,0,0
BRDA:88,5,1,0
BRF:12
BRH:0
end_of_record
TN:
SF:src\app\admin\billing\page.tsx
FN:8,BillingPage
FNF:1
FNH:0
FNDA:0,BillingPage
DA:1,0
DA:3,0
DA:8,0
LF:3
LH:0
BRF:0
BRH:0
end_of_record
TN:
SF:src\app\admin\catalog\page.tsx
FN:7,yesNo
FN:11,CatalogListPage
FN:53,(anonymous_6)
FNF:3
FNH:0
FNDA:0,yesNo
FNDA:0,CatalogListPage
FNDA:0,(anonymous_6)
DA:2,0
DA:3,0
DA:5,0
DA:8,0
DA:11,0
DA:12,0
DA:13,0
DA:18,0
DA:54,0
LF:9
LH:0
BRDA:8,0,0,0
BRDA:8,0,1,0
BRDA:18,1,0,0
BRDA:18,1,1,0
BRDA:53,2,0,0
BRDA:53,2,1,0
BRDA:59,3,0,0
BRDA:59,3,1,0
BRDA:60,4,0,0
BRDA:60,4,1,0
BRDA:62,5,0,0
BRDA:62,5,1,0
BRDA:73,6,0,0
BRF:13
BRH:0
end_of_record
TN:
SF:src\app\admin\catalog\[code]\page.tsx
FN:7,updateBenefit
FN:9,(anonymous_7)
FN:39,deleteBenefit
FN:41,(anonymous_9)
FN:48,EditCatalogPage
FN:122,(anonymous_11)
FNF:6
FNH:0
FNDA:0,updateBenefit
FNDA:0,(anonymous_7)
FNDA:0,deleteBenefit
FNDA:0,(anonymous_9)
FNDA:0,EditCatalogPage
FNDA:0,(anonymous_11)
DA:2,0
DA:3,0
DA:5,0
DA:9,0
DA:11,0
DA:12,0
DA:13,0
DA:14,0
DA:15,0
DA:16,0
DA:17,0
DA:18,0
DA:19,0
DA:21,0
DA:35,0
DA:36,0
DA:41,0
DA:42,0
DA:43,0
DA:44,0
DA:45,0
DA:48,0
DA:51,0
DA:52,0
DA:53,0
DA:59,0
DA:66,0
DA:123,0
LF:28
LH:0
BRDA:11,0,0,0
BRDA:11,0,1,0
BRDA:12,1,0,0
BRDA:12,1,1,0
BRDA:13,2,0,0
BRDA:13,2,1,0
BRDA:14,3,0,0
BRDA:14,3,1,0
BRDA:15,4,0,0
BRDA:15,4,1,0
BRDA:17,5,0,0
BRDA:17,5,1,0
BRDA:17,6,0,0
BRDA:17,6,1,0
BRDA:18,7,0,0
BRDA:18,7,1,0
BRDA:19,8,0,0
BRDA:19,8,1,0
BRDA:19,9,0,0
BRDA:19,9,1,0
BRDA:28,10,0,0
BRDA:28,10,1,0
BRDA:31,11,0,0
BRDA:31,11,1,0
BRDA:35,12,0,0
BRDA:35,12,1,0
BRDA:42,13,0,0
BRDA:42,13,1,0
BRDA:44,14,0,0
BRDA:44,14,1,0
BRDA:59,15,0,0
BRDA:59,15,1,0
BRDA:66,16,0,0
BRDA:66,16,1,0
BRDA:98,17,0,0
BRDA:98,17,1,0
BRDA:102,18,0,0
BRDA:102,18,1,0
BRDA:111,19,0,0
BRDA:111,19,1,0
BRDA:123,20,0,0
BRDA:123,20,1,0
BRF:42
BRH:0
end_of_record
TN:
SF:src\app\admin\catalog\add\page.tsx
FN:6,createBenefit
FN:8,(anonymous_7)
FN:36,AddCatalogPage
FNF:3
FNH:0
FNDA:0,createBenefit
FNDA:0,(anonymous_7)
FNDA:0,AddCatalogPage
DA:2,0
DA:4,0
DA:8,0
DA:10,0
DA:11,0
DA:12,0
DA:13,0
DA:14,0
DA:15,0
DA:16,0
DA:17,0
DA:19,0
DA:21,0
DA:32,0
DA:33,0
DA:36,0
LF:16
LH:0
BRDA:10,0,0,0
BRDA:10,0,1,0
BRDA:11,1,0,0
BRDA:11,1,1,0
BRDA:12,2,0,0
BRDA:12,2,1,0
BRDA:13,3,0,0
BRDA:13,3,1,0
BRDA:15,4,0,0
BRDA:15,4,1,0
BRDA:15,5,0,0
BRDA:15,5,1,0
BRDA:16,6,0,0
BRDA:16,6,1,0
BRDA:17,7,0,0
BRDA:17,7,1,0
BRDA:17,8,0,0
BRDA:17,8,1,0
BRDA:19,9,0,0
BRDA:19,9,1,0
BRDA:19,10,0,0
BRDA:19,10,1,0
BRDA:26,11,0,0
BRDA:26,11,1,0
BRDA:29,12,0,0
BRDA:29,12,1,0
BRDA:32,13,0,0
BRDA:32,13,1,0
BRF:28
BRH:0
end_of_record
TN:
SF:src\app\admin\employees\page.tsx
FN:7,AdminEmployeesPage
FN:49,(anonymous_3)
FN:50,(anonymous_4)
FN:110,(anonymous_5)
FNF:4
FNH:0
FNDA:0,AdminEmployeesPage
FNDA:0,(anonymous_3)
FNDA:0,(anonymous_4)
FNDA:0,(anonymous_5)
DA:2,0
DA:3,0
DA:7,0
DA:12,0
DA:13,0
DA:15,0
DA:18,0
DA:35,0
DA:36,0
DA:39,0
DA:41,0
DA:49,0
DA:50,0
DA:111,0
LF:14
LH:0
BRDA:35,0,0,0
BRDA:35,0,1,0
BRDA:41,1,0,0
BRDA:41,1,1,0
BRDA:49,2,0,0
BRDA:49,2,1,0
BRDA:50,3,0,0
BRDA:50,3,1,0
BRDA:59,4,0,0
BRDA:59,4,1,0
BRDA:75,5,0,0
BRDA:75,5,1,0
BRDA:80,6,0,0
BRDA:80,6,1,0
BRDA:85,7,0,0
BRDA:85,7,1,0
BRDA:97,8,0,0
BRDA:96,9,0,0
BRDA:96,9,1,0
BRDA:119,10,0,0
BRDA:130,11,0,0
BRDA:130,11,1,0
BRDA:135,12,0,0
BRDA:135,12,1,0
BRDA:137,13,0,0
BRDA:137,13,1,0
BRDA:148,14,0,0
BRDA:148,14,1,0
BRDA:153,15,0,0
BRDA:153,15,1,0
BRDA:157,16,0,0
BRF:31
BRH:0
end_of_record
TN:
SF:src\app\admin\tax\page.tsx
FN:7,thisPeriod
FN:12,TaxAdminPage
FN:30,saveFederal
FN:48,upsert15T
FNF:4
FNH:0
FNDA:0,thisPeriod
FNDA:0,TaxAdminPage
FNDA:0,saveFederal
FNDA:0,upsert15T
DA:2,0
DA:5,0
DA:8,0
DA:9,0
DA:12,0
DA:13,0
DA:14,0
DA:17,0
DA:24,0
DA:32,0
DA:33,0
DA:34,0
DA:35,0
DA:38,0
DA:39,0
DA:41,0
DA:45,0
DA:50,0
DA:51,0
DA:52,0
DA:53,0
DA:54,0
DA:57,0
DA:58,0
DA:60,0
DA:63,0
DA:69,0
LF:27
LH:0
BRDA:33,0,0,0
BRDA:33,0,1,0
BRDA:34,1,0,0
BRDA:34,1,1,0
BRDA:35,2,0,0
BRDA:35,2,1,0
BRDA:38,3,0,0
BRDA:38,3,1,0
BRDA:38,4,0,0
BRDA:38,4,1,0
BRDA:39,5,0,0
BRDA:39,5,1,0
BRDA:39,6,0,0
BRDA:39,6,1,0
BRDA:45,7,0,0
BRDA:45,7,1,0
BRDA:52,8,0,0
BRDA:52,8,1,0
BRDA:53,9,0,0
BRDA:53,9,1,0
BRDA:54,10,0,0
BRDA:54,10,1,0
BRDA:69,11,0,0
BRDA:69,11,1,0
BRDA:95,12,0,0
BRDA:95,12,1,0
BRDA:105,13,0,0
BRDA:105,13,1,0
BRDA:115,14,0,0
BRDA:115,14,1,0
BRDA:130,15,0,0
BRDA:130,15,1,0
BRF:32
BRH:0
end_of_record
TN:
SF:src\app\admin\tax\import\page.tsx
FN:8,saveFederalParams
FN:10,(anonymous_7)
FN:24,saveFifteenT
FN:26,(anonymous_9)
FN:53,saveStateParams
FN:55,(anonymous_11)
FN:85,TaxImportPage
FNF:7
FNH:0
FNDA:0,saveFederalParams
FNDA:0,(anonymous_7)
FNDA:0,saveFifteenT
FNDA:0,(anonymous_9)
FNDA:0,saveStateParams
FNDA:0,(anonymous_11)
FNDA:0,TaxImportPage
DA:2,0
DA:4,0
DA:10,0
DA:11,0
DA:12,0
DA:13,0
DA:14,0
DA:16,0
DA:20,0
DA:21,0
DA:26,0
DA:27,0
DA:28,0
DA:29,0
DA:30,0
DA:32,0
DA:34,0
DA:35,0
DA:37,0
DA:40,0
DA:49,0
DA:50,0
DA:55,0
DA:56,0
DA:57,0
DA:58,0
DA:59,0
DA:60,0
DA:62,0
DA:63,0
DA:64,0
DA:65,0
DA:67,0
DA:71,0
DA:81,0
DA:82,0
DA:85,0
LF:37
LH:0
BRDA:14,0,0,0
BRDA:14,0,1,0
BRDA:20,1,0,0
BRDA:20,1,1,0
BRDA:28,2,0,0
BRDA:28,2,1,0
BRDA:29,3,0,0
BRDA:29,3,1,0
BRDA:30,4,0,0
BRDA:30,4,1,0
BRDA:32,5,0,0
BRDA:32,5,1,0
BRDA:32,6,0,0
BRDA:32,6,1,0
BRDA:32,6,2,0
BRDA:49,7,0,0
BRDA:49,7,1,0
BRDA:56,8,0,0
BRDA:56,8,1,0
BRDA:58,9,0,0
BRDA:58,9,1,0
BRDA:60,10,0,0
BRDA:60,10,1,0
BRDA:63,11,0,0
BRDA:63,11,1,0
BRDA:76,12,0,0
BRDA:76,12,1,0
BRDA:81,13,0,0
BRDA:81,13,1,0
BRF:29
BRH:0
end_of_record
TN:
SF:src\app\admin\tax\states\page.tsx
FN:8,StatesTaxPage
FN:49,(anonymous_5)
FNF:2
FNH:0
FNDA:0,StatesTaxPage
FNDA:0,(anonymous_5)
DA:2,0
DA:3,0
DA:6,0
DA:8,0
DA:9,0
DA:10,0
DA:11,0
DA:13,0
DA:17,0
DA:50,0
LF:10
LH:0
BRDA:17,0,0,0
BRDA:17,0,1,0
BRDA:49,1,0,0
BRDA:49,1,1,0
BRDA:55,2,0,0
BRDA:55,2,1,0
BRDA:67,3,0,0
BRDA:67,3,1,0
BRF:8
BRH:0
end_of_record
TN:
SF:src\app\admin\tax\states\[state]\page.tsx
FN:8,EditStateTaxPage
FN:21,save
FNF:2
FNH:0
FNDA:0,EditStateTaxPage
FNDA:0,save
DA:2,0
DA:4,0
DA:8,0
DA:9,0
DA:10,0
DA:11,0
DA:13,0
DA:14,0
DA:23,0
DA:24,0
DA:25,0
DA:26,0
DA:27,0
DA:28,0
DA:30,0
DA:31,0
DA:32,0
DA:33,0
DA:34,0
DA:38,0
DA:39,0
DA:40,0
DA:41,0
DA:43,0
DA:47,0
DA:53,0
LF:26
LH:0
BRDA:11,0,0,0
BRDA:11,0,1,0
BRDA:24,1,0,0
BRDA:24,1,1,0
BRDA:26,2,0,0
BRDA:26,2,1,0
BRDA:27,3,0,0
BRDA:27,3,1,0
BRDA:28,4,0,0
BRDA:28,4,1,0
BRDA:31,5,0,0
BRDA:31,5,1,0
BRDA:33,6,0,0
BRDA:33,6,1,0
BRDA:33,7,0,0
BRDA:33,7,1,0
BRDA:39,8,0,0
BRDA:39,8,1,0
BRDA:53,9,0,0
BRDA:53,9,1,0
BRDA:84,10,0,0
BRDA:84,10,1,0
BRDA:103,11,0,0
BRDA:103,11,1,0
BRDA:115,12,0,0
BRDA:115,12,1,0
BRF:26
BRH:0
end_of_record
TN:
SF:src\app\admin\users\page.tsx
FN:7,UsersPage
FNF:1
FNH:0
FNDA:0,UsersPage
DA:2,0
DA:3,0
DA:5,0
DA:7,0
DA:8,0
DA:9,0
DA:14,0
LF:7
LH:0
BRDA:14,0,0,0
BRDA:14,0,1,0
BRDA:24,1,0,0
BRDA:24,1,1,0
BRF:4
BRH:0
end_of_record
TN:
SF:src\app\api\accounting\ap\route.ts
FN:5,GET
FN:39,POST
FN:78,PATCH
FN:116,DELETE
FNF:4
FNH:2
FNDA:4,GET
FNDA:5,POST
FNDA:0,PATCH
FNDA:0,DELETE
DA:1,1
DA:2,1
DA:5,4
DA:6,4
DA:7,4
DA:8,4
DA:9,4
DA:11,4
DA:16,4
DA:17,1
DA:20,4
DA:22,4
DA:23,0
DA:29,4
DA:31,4
DA:39,5
DA:40,5
DA:41,5
DA:42,5
DA:44,5
DA:61,5
DA:62,1
DA:68,4
DA:70,5
DA:78,0
DA:79,0
DA:80,0
DA:81,0
DA:83,0
DA:84,0
DA:90,0
DA:92,0
DA:99,0
DA:100,0
DA:106,0
DA:108,0
DA:116,0
DA:117,0
DA:118,0
DA:119,0
DA:121,0
DA:122,0
DA:128,0
DA:131,0
DA:137,0
DA:138,0
DA:144,0
DA:149,0
DA:150,0
DA:156,0
DA:158,0
LF:51
LH:23
BRDA:16,0,0,1
BRDA:16,0,1,3
BRDA:22,1,0,0
BRDA:22,1,1,4
BRDA:52,2,0,5
BRDA:52,2,1,5
BRDA:53,3,0,5
BRDA:53,3,1,5
BRDA:56,4,0,5
BRDA:56,4,1,5
BRDA:61,5,0,1
BRDA:61,5,1,4
BRDA:83,6,0,0
BRDA:83,6,1,0
BRDA:99,7,0,0
BRDA:99,7,1,0
BRDA:121,8,0,0
BRDA:121,8,1,0
BRDA:137,9,0,0
BRDA:137,9,1,0
BRDA:137,10,0,0
BRDA:137,10,1,0
BRDA:149,11,0,0
BRDA:149,11,1,0
BRF:24
BRH:11
end_of_record
TN:
SF:src\app\api\accounting\ap\[id]\route.ts
FN:5,PUT
FN:54,DELETE
FNF:2
FNH:0
FNDA:0,PUT
FNDA:0,DELETE
DA:1,0
DA:2,0
DA:5,0
DA:9,0
DA:10,0
DA:11,0
DA:13,0
DA:14,0
DA:20,0
DA:22,0
DA:37,0
DA:38,0
DA:44,0
DA:46,0
DA:54,0
DA:58,0
DA:59,0
DA:61,0
DA:62,0
DA:68,0
DA:71,0
DA:77,0
DA:78,0
DA:84,0
DA:89,0
DA:90,0
DA:96,0
DA:98,0
LF:28
LH:0
BRDA:13,0,0,0
BRDA:13,0,1,0
BRDA:37,1,0,0
BRDA:37,1,1,0
BRDA:61,2,0,0
BRDA:61,2,1,0
BRDA:77,3,0,0
BRDA:77,3,1,0
BRDA:77,4,0,0
BRDA:77,4,1,0
BRDA:89,5,0,0
BRDA:89,5,1,0
BRF:12
BRH:0
end_of_record
TN:
SF:src\app\api\accounting\ar\route.ts
FN:5,GET
FN:55,POST
FN:94,PATCH
FN:132,DELETE
FNF:4
FNH:4
FNDA:3,GET
FNDA:2,POST
FNDA:2,PATCH
FNDA:1,DELETE
DA:1,1
DA:2,1
DA:5,3
DA:6,3
DA:7,3
DA:8,3
DA:9,3
DA:11,3
DA:32,3
DA:33,1
DA:36,3
DA:38,3
DA:39,0
DA:45,3
DA:47,3
DA:55,2
DA:56,2
DA:57,2
DA:58,2
DA:60,2
DA:77,2
DA:78,1
DA:84,1
DA:86,2
DA:94,2
DA:95,2
DA:96,2
DA:97,2
DA:99,2
DA:100,1
DA:106,1
DA:108,1
DA:115,1
DA:116,0
DA:122,1
DA:124,2
DA:132,1
DA:133,1
DA:134,1
DA:135,1
DA:137,1
DA:138,1
DA:144,0
DA:147,0
DA:153,0
DA:154,0
DA:160,0
DA:165,0
DA:166,0
DA:172,0
DA:174,1
LF:51
LH:41
BRDA:32,0,0,1
BRDA:32,0,1,2
BRDA:38,1,0,0
BRDA:38,1,1,3
BRDA:68,2,0,2
BRDA:68,2,1,2
BRDA:69,3,0,2
BRDA:69,3,1,2
BRDA:72,4,0,2
BRDA:72,4,1,2
BRDA:77,5,0,1
BRDA:77,5,1,1
BRDA:99,6,0,1
BRDA:99,6,1,1
BRDA:115,7,0,0
BRDA:115,7,1,1
BRDA:137,8,0,1
BRDA:137,8,1,0
BRDA:153,9,0,0
BRDA:153,9,1,0
BRDA:153,10,0,0
BRDA:153,10,1,0
BRDA:165,11,0,0
BRDA:165,11,1,0
BRF:24
BRH:15
end_of_record
TN:
SF:src\app\api\accounting\ar\[id]\route.ts
FN:5,PUT
FN:54,DELETE
FNF:2
FNH:0
FNDA:0,PUT
FNDA:0,DELETE
DA:1,0
DA:2,0
DA:5,0
DA:9,0
DA:10,0
DA:11,0
DA:13,0
DA:14,0
DA:20,0
DA:22,0
DA:37,0
DA:38,0
DA:44,0
DA:46,0
DA:54,0
DA:58,0
DA:59,0
DA:61,0
DA:62,0
DA:68,0
DA:71,0
DA:77,0
DA:78,0
DA:84,0
DA:89,0
DA:90,0
DA:96,0
DA:98,0
LF:28
LH:0
BRDA:13,0,0,0
BRDA:13,0,1,0
BRDA:37,1,0,0
BRDA:37,1,1,0
BRDA:61,2,0,0
BRDA:61,2,1,0
BRDA:77,3,0,0
BRDA:77,3,1,0
BRDA:77,4,0,0
BRDA:77,4,1,0
BRDA:89,5,0,0
BRDA:89,5,1,0
BRF:12
BRH:0
end_of_record
TN:
SF:src\app\api\accounting\payments\route.ts
FN:5,GET
FN:47,POST
FN:133,DELETE
FNF:3
FNH:2
FNDA:3,GET
FNDA:8,POST
FNDA:0,DELETE
DA:1,1
DA:2,1
DA:5,3
DA:6,3
DA:7,3
DA:8,3
DA:9,3
DA:10,3
DA:11,3
DA:13,3
DA:18,3
DA:19,1
DA:21,3
DA:22,0
DA:24,3
DA:25,0
DA:28,3
DA:30,3
DA:31,0
DA:37,3
DA:39,3
DA:47,8
DA:48,8
DA:49,8
DA:50,8
DA:53,8
DA:54,2
DA:60,6
DA:61,0
DA:68,6
DA:85,5
DA:86,0
DA:93,5
DA:94,4
DA:100,1
DA:102,1
DA:108,2
DA:109,1
DA:115,1
DA:117,1
DA:123,2
DA:125,8
DA:133,0
DA:134,0
DA:135,0
DA:136,0
DA:138,0
DA:139,0
DA:145,0
DA:148,0
DA:154,0
DA:155,0
DA:162,0
DA:167,0
DA:168,0
DA:175,0
DA:176,0
DA:182,0
DA:184,0
DA:190,0
DA:191,0
DA:197,0
DA:199,0
DA:205,0
DA:207,0
LF:65
LH:37
BRDA:18,0,0,1
BRDA:18,0,1,2
BRDA:21,1,0,0
BRDA:21,1,1,3
BRDA:24,2,0,0
BRDA:24,2,1,3
BRDA:30,3,0,0
BRDA:30,3,1,3
BRDA:53,4,0,2
BRDA:53,4,1,6
BRDA:53,5,0,8
BRDA:53,5,1,3
BRDA:60,6,0,0
BRDA:60,6,1,6
BRDA:60,7,0,6
BRDA:60,7,1,5
BRDA:72,8,0,6
BRDA:72,8,1,1
BRDA:73,9,0,6
BRDA:73,9,1,5
BRDA:80,10,0,6
BRDA:80,10,1,6
BRDA:85,11,0,0
BRDA:85,11,1,5
BRDA:93,12,0,4
BRDA:93,12,1,1
BRDA:100,13,0,1
BRDA:100,13,1,1
BRDA:108,14,0,1
BRDA:108,14,1,1
BRDA:115,15,0,1
BRDA:115,15,1,1
BRDA:138,16,0,0
BRDA:138,16,1,0
BRDA:154,17,0,0
BRDA:154,17,1,0
BRDA:167,18,0,0
BRDA:167,18,1,0
BRDA:175,19,0,0
BRDA:175,19,1,0
BRDA:182,20,0,0
BRDA:182,20,1,0
BRDA:190,21,0,0
BRDA:190,21,1,0
BRDA:197,22,0,0
BRDA:197,22,1,0
BRF:46
BRH:27
end_of_record
TN:
SF:src\app\api\accounting\payments\[id]\route.ts
FN:5,PUT
FN:56,DELETE
FNF:2
FNH:0
FNDA:0,PUT
FNDA:0,DELETE
DA:1,0
DA:2,0
DA:5,0
DA:9,0
DA:10,0
DA:11,0
DA:13,0
DA:14,0
DA:20,0
DA:22,0
DA:39,0
DA:40,0
DA:46,0
DA:48,0
DA:56,0
DA:60,0
DA:61,0
DA:63,0
DA:64,0
DA:70,0
DA:72,0
DA:77,0
DA:78,0
DA:84,0
DA:86,0
LF:25
LH:0
BRDA:13,0,0,0
BRDA:13,0,1,0
BRDA:26,1,0,0
BRDA:26,1,1,0
BRDA:27,2,0,0
BRDA:27,2,1,0
BRDA:39,3,0,0
BRDA:39,3,1,0
BRDA:63,4,0,0
BRDA:63,4,1,0
BRDA:77,5,0,0
BRDA:77,5,1,0
BRF:12
BRH:0
end_of_record
TN:
SF:src\app\api\accounting\quickbooks\auth\route.ts
FN:5,GET
FNF:1
FNH:0
FNDA:0,GET
DA:1,0
DA:2,0
DA:5,0
DA:6,0
DA:7,0
DA:8,0
DA:10,0
LF:7
LH:0
BRF:0
BRH:0
end_of_record
TN:
SF:src\app\api\accounting\quickbooks\callback\route.ts
FN:6,GET
FNF:1
FNH:0
FNDA:0,GET
DA:1,0
DA:2,0
DA:3,0
DA:6,0
DA:7,0
DA:8,0
DA:9,0
DA:10,0
DA:11,0
DA:13,0
DA:14,0
DA:19,0
DA:20,0
DA:26,0
DA:28,0
DA:29,0
DA:35,0
DA:38,0
DA:44,0
DA:54,0
DA:55,0
DA:56,0
DA:62,0
DA:66,0
DA:67,0
LF:25
LH:0
BRDA:13,0,0,0
BRDA:13,0,1,0
BRDA:19,1,0,0
BRDA:19,1,1,0
BRDA:19,2,0,0
BRDA:19,2,1,0
BRDA:28,3,0,0
BRDA:28,3,1,0
BRDA:54,4,0,0
BRDA:54,4,1,0
BRF:10
BRH:0
end_of_record
TN:
SF:src\app\api\accounting\quickbooks\disconnect\route.ts
FN:7,POST
FNF:1
FNH:0
FNDA:0,POST
DA:2,0
DA:3,0
DA:5,0
DA:7,0
DA:8,0
DA:9,0
DA:12,0
DA:22,0
DA:23,0
DA:26,0
DA:31,0
DA:32,0
LF:12
LH:0
BRDA:22,0,0,0
BRDA:22,0,1,0
BRF:2
BRH:0
end_of_record
TN:
SF:src\app\api\accounting\quickbooks\status\route.ts
FN:7,GET
FNF:1
FNH:1
FNDA:4,GET
DA:2,1
DA:3,1
DA:5,1
DA:7,4
DA:8,4
DA:9,4
DA:12,4
DA:17,4
DA:19,2
DA:20,1
DA:26,1
DA:29,2
DA:36,2
DA:37,2
DA:38,2
DA:39,2
DA:43,2
DA:44,2
DA:45,2
DA:52,1
DA:53,1
DA:57,1
DA:64,4
DA:65,4
LF:24
LH:24
BRDA:17,0,0,2
BRDA:17,0,1,2
BRDA:19,1,0,1
BRDA:19,1,1,1
BRDA:30,2,0,2
BRDA:30,2,1,2
BRDA:30,2,2,2
BRDA:37,3,0,2
BRDA:37,3,1,0
BRDA:37,4,0,2
BRDA:37,4,1,2
BRDA:44,5,0,2
BRDA:44,5,1,0
BRDA:52,6,0,1
BRDA:52,6,1,0
BRDA:59,7,0,1
BRDA:59,7,1,1
BRDA:61,8,0,1
BRDA:61,8,1,0
BRF:19
BRH:15
end_of_record
TN:
SF:src\app\api\accounting\quickbooks\sync\route.ts
FN:6,POST
FNF:1
FNH:0
FNDA:0,POST
DA:1,0
DA:2,0
DA:3,0
DA:6,0
DA:7,0
DA:8,0
DA:9,0
DA:11,0
DA:14,0
DA:20,0
DA:21,0
DA:27,0
DA:36,0
DA:39,0
DA:40,0
DA:50,0
DA:52,0
DA:66,0
DA:67,0
DA:74,0
DA:76,0
DA:78,0
DA:85,0
DA:86,0
DA:92,0
DA:95,0
DA:102,0
DA:120,0
DA:121,0
DA:128,0
DA:137,0
DA:142,0
DA:145,0
DA:150,0
DA:156,0
DA:157,0
LF:36
LH:0
BRDA:20,0,0,0
BRDA:20,0,1,0
BRDA:20,1,0,0
BRDA:20,1,1,0
BRDA:39,2,0,0
BRDA:39,2,1,0
BRDA:50,3,0,0
BRDA:50,3,1,0
BRDA:66,4,0,0
BRDA:66,4,1,0
BRDA:76,5,0,0
BRDA:76,5,1,0
BRDA:85,6,0,0
BRDA:85,6,1,0
BRDA:109,7,0,0
BRDA:109,7,1,0
BRDA:120,8,0,0
BRDA:120,8,1,0
BRDA:142,9,0,0
BRDA:142,9,1,0
BRF:20
BRH:0
end_of_record
TN:
SF:src\app\api\analytics\summary\route.ts
FN:5,lastMonths
FN:18,GET
FN:35,(anonymous_3)
FN:44,(anonymous_4)
FN:45,(anonymous_5)
FN:45,(anonymous_6)
FN:47,(anonymous_7)
FN:53,(anonymous_8)
FN:56,(anonymous_9)
FN:60,(anonymous_10)
FNF:10
FNH:0
FNDA:0,lastMonths
FNDA:0,GET
FNDA:0,(anonymous_3)
FNDA:0,(anonymous_4)
FNDA:0,(anonymous_5)
FNDA:0,(anonymous_6)
FNDA:0,(anonymous_7)
FNDA:0,(anonymous_8)
FNDA:0,(anonymous_9)
FNDA:0,(anonymous_10)
DA:2,0
DA:3,0
DA:6,0
DA:7,0
DA:8,0
DA:9,0
DA:10,0
DA:11,0
DA:12,0
DA:13,0
DA:15,0
DA:18,0
DA:19,0
DA:20,0
DA:21,0
DA:22,0
DA:24,0
DA:26,0
DA:28,0
DA:30,0
DA:32,0
DA:34,0
DA:35,0
DA:36,0
DA:38,0
DA:39,0
DA:42,0
DA:44,0
DA:45,0
DA:47,0
DA:48,0
DA:50,0
DA:52,0
DA:53,0
DA:54,0
DA:56,0
DA:58,0
DA:59,0
DA:60,0
DA:61,0
DA:63,0
LF:41
LH:0
BRDA:26,0,0,0
BRDA:26,0,1,0
BRDA:30,1,0,0
BRDA:30,1,1,0
BRDA:34,2,0,0
BRDA:34,2,1,0
BRDA:35,3,0,0
BRDA:35,3,1,0
BRDA:36,4,0,0
BRDA:36,4,1,0
BRDA:36,5,0,0
BRDA:36,5,1,0
BRDA:42,6,0,0
BRDA:42,6,1,0
BRDA:45,7,0,0
BRDA:45,7,1,0
BRDA:45,8,0,0
BRDA:45,8,1,0
BRDA:45,9,0,0
BRDA:45,9,1,0
BRDA:53,10,0,0
BRDA:53,10,1,0
BRDA:54,11,0,0
BRDA:54,11,1,0
BRDA:54,12,0,0
BRDA:54,12,1,0
BRDA:56,13,0,0
BRDA:56,13,1,0
BRDA:59,14,0,0
BRDA:59,14,1,0
BRDA:60,15,0,0
BRDA:60,15,1,0
BRDA:60,16,0,0
BRDA:60,16,1,0
BRDA:66,17,0,0
BRDA:66,17,1,0
BRDA:67,18,0,0
BRDA:67,18,1,0
BRF:38
BRH:0
end_of_record
TN:
SF:src\app\api\auth\change-password\route.ts
FN:6,POST
FNF:1
FNH:1
FNDA:19,POST
DA:1,1
DA:2,1
DA:3,1
DA:6,19
DA:7,19
DA:8,19
DA:9,18
DA:11,18
DA:12,18
DA:19,0
DA:20,0
DA:26,0
DA:29,0
DA:32,0
DA:33,0
DA:36,0
DA:43,0
DA:44,0
DA:45,0
DA:48,0
DA:55,0
DA:56,0
DA:57,0
DA:61,0
DA:62,0
DA:69,0
DA:72,0
DA:80,0
DA:81,0
DA:88,0
DA:97,0
DA:102,19
DA:104,19
LF:33
LH:11
BRDA:11,0,0,18
BRDA:11,0,1,0
BRDA:11,1,0,18
BRDA:11,1,1,0
BRDA:11,1,2,0
BRDA:19,2,0,0
BRDA:19,2,1,0
BRDA:43,3,0,0
BRDA:43,3,1,0
BRDA:55,4,0,0
BRDA:55,4,1,0
BRDA:61,5,0,0
BRDA:61,5,1,0
BRDA:80,6,0,0
BRDA:80,6,1,0
BRDA:90,7,0,0
BRDA:90,7,1,0
BRDA:93,8,0,0
BRDA:93,8,1,0
BRDA:94,9,0,0
BRDA:94,9,1,0
BRF:21
BRH:2
end_of_record
TN:
SF:src\app\api\auth\login\route.ts
FN:7,POST
FNF:1
FNH:1
FNDA:4,POST
DA:2,1
DA:3,1
DA:5,1
DA:7,4
DA:8,4
DA:9,4
DA:11,4
DA:12,4
DA:19,0
DA:20,0
DA:23,0
DA:25,0
DA:26,0
DA:33,0
DA:35,0
DA:40,4
DA:41,4
LF:17
LH:10
BRDA:11,0,0,4
BRDA:11,0,1,0
BRDA:11,1,0,4
BRDA:11,1,1,0
BRDA:19,2,0,0
BRDA:19,2,1,0
BRDA:19,2,2,0
BRDA:20,3,0,0
BRDA:20,3,1,0
BRDA:25,4,0,0
BRDA:25,4,1,0
BRF:11
BRH:2
end_of_record
TN:
SF:src\app\api\auth\logout\route.ts
FN:10,POST
FNF:1
FNH:1
FNDA:6,POST
DA:2,1
DA:3,1
DA:4,1
DA:6,1
DA:8,1
DA:10,6
DA:11,6
DA:12,6
DA:13,0
DA:15,0
DA:16,0
DA:19,0
DA:21,0
DA:23,6
DA:24,6
LF:15
LH:10
BRDA:15,0,0,0
BRDA:15,0,1,0
BRF:2
BRH:0
end_of_record
TN:
SF:src\app\api\benefits\route.ts
FN:5,GET
FN:31,POST
FN:59,PATCH
FN:90,DELETE
FNF:4
FNH:2
FNDA:4,GET
FNDA:6,POST
FNDA:0,PATCH
FNDA:0,DELETE
DA:2,1
DA:3,1
DA:5,4
DA:6,4
DA:7,4
DA:9,4
DA:10,4
DA:16,0
DA:18,0
DA:24,0
DA:25,0
DA:28,0
DA:31,6
DA:32,6
DA:33,6
DA:34,6
DA:36,6
DA:49,6
DA:50,0
DA:53,6
DA:55,6
DA:59,0
DA:60,0
DA:61,0
DA:62,0
DA:64,0
DA:65,0
DA:71,0
DA:73,0
DA:80,0
DA:81,0
DA:84,0
DA:86,0
DA:90,0
DA:91,0
DA:92,0
DA:93,0
DA:95,0
DA:96,0
DA:102,0
DA:104,0
DA:106,0
DA:107,0
DA:110,0
DA:112,0
LF:45
LH:15
BRDA:9,0,0,4
BRDA:9,0,1,0
BRDA:24,1,0,0
BRDA:24,1,1,0
BRDA:41,2,0,6
BRDA:41,2,1,6
BRDA:42,3,0,0
BRDA:42,3,1,6
BRDA:43,4,0,0
BRDA:43,4,1,6
BRDA:44,5,0,6
BRDA:44,5,1,6
BRDA:49,6,0,0
BRDA:49,6,1,6
BRDA:64,7,0,0
BRDA:64,7,1,0
BRDA:80,8,0,0
BRDA:80,8,1,0
BRDA:95,9,0,0
BRDA:95,9,1,0
BRDA:106,10,0,0
BRDA:106,10,1,0
BRF:22
BRH:8
end_of_record
TN:
SF:src\app\api\billing\[period]\route.ts
FN:14,GET
FN:58,(anonymous_4)
FN:92,(anonymous_5)
FN:96,(anonymous_6)
FN:97,(anonymous_7)
FNF:5
FNH:1
FNDA:7,GET
FNDA:0,(anonymous_4)
FNDA:0,(anonymous_5)
FNDA:0,(anonymous_6)
FNDA:0,(anonymous_7)
DA:2,1
DA:3,1
DA:4,1
DA:5,1
DA:7,1
DA:14,7
DA:18,7
DA:19,7
DA:20,7
DA:21,7
DA:22,7
DA:24,7
DA:30,5
DA:33,5
DA:34,5
DA:36,0
DA:37,0
DA:39,0
DA:45,0
DA:46,0
DA:49,0
DA:55,0
DA:58,0
DA:59,0
DA:65,0
DA:66,0
DA:67,0
DA:68,0
DA:70,0
DA:76,0
DA:77,0
DA:79,0
DA:85,0
DA:86,0
DA:88,0
DA:89,0
DA:91,0
DA:92,0
DA:96,0
DA:97,0
DA:102,0
DA:103,0
DA:106,0
DA:107,0
DA:108,0
DA:114,0
DA:120,0
DA:121,0
DA:126,0
DA:128,0
DA:131,0
DA:138,0
DA:139,0
DA:141,0
DA:160,0
LF:55
LH:15
BRDA:20,0,0,7
BRDA:20,0,1,0
BRDA:21,1,0,7
BRDA:21,1,1,1
BRDA:22,2,0,7
BRDA:22,2,1,1
BRDA:33,3,0,5
BRDA:33,3,1,0
BRDA:33,4,0,5
BRDA:33,4,1,5
BRDA:45,5,0,0
BRDA:45,5,1,0
BRDA:46,6,0,0
BRDA:46,6,1,0
BRDA:55,7,0,0
BRDA:55,7,1,0
BRDA:66,8,0,0
BRDA:66,8,1,0
BRDA:67,9,0,0
BRDA:67,9,1,0
BRDA:71,10,0,0
BRDA:71,10,1,0
BRDA:85,11,0,0
BRDA:85,11,1,0
BRDA:89,12,0,0
BRDA:89,12,1,0
BRDA:106,13,0,0
BRDA:106,13,1,0
BRDA:107,14,0,0
BRDA:107,14,1,0
BRDA:107,15,0,0
BRDA:107,15,1,0
BRDA:111,16,0,0
BRDA:111,16,1,0
BRDA:112,17,0,0
BRDA:112,17,1,0
BRDA:117,18,0,0
BRDA:117,18,1,0
BRDA:118,19,0,0
BRDA:118,19,1,0
BRF:40
BRH:8
end_of_record
TN:
SF:src\app\api\billing\[period]\pdf\route.ts
FN:8,GET
FN:58,(anonymous_5)
FNF:2
FNH:0
FNDA:0,GET
FNDA:0,(anonymous_5)
DA:2,0
DA:3,0
DA:4,0
DA:6,0
DA:8,0
DA:12,0
DA:16,0
DA:17,0
DA:22,0
DA:23,0
DA:25,0
DA:26,0
DA:33,0
DA:34,0
DA:35,0
DA:38,0
DA:39,0
DA:40,0
DA:41,0
DA:42,0
DA:43,0
DA:45,0
DA:49,0
DA:50,0
DA:53,0
DA:54,0
DA:55,0
DA:57,0
DA:58,0
DA:59,0
DA:60,0
DA:64,0
DA:65,0
DA:66,0
DA:67,0
DA:74,0
DA:81,0
DA:84,0
DA:85,0
DA:86,0
DA:89,0
DA:90,0
DA:92,0
DA:93,0
DA:94,0
DA:95,0
DA:96,0
DA:97,0
DA:98,0
DA:99,0
DA:100,0
DA:101,0
DA:102,0
DA:103,0
DA:107,0
DA:110,0
DA:111,0
DA:114,0
LF:58
LH:0
BRDA:16,0,0,0
BRDA:16,0,1,0
BRDA:25,1,0,0
BRDA:25,1,1,0
BRDA:26,2,0,0
BRDA:26,2,1,0
BRDA:40,3,0,0
BRDA:40,3,1,0
BRDA:58,4,0,0
BRDA:58,5,0,0
BRDA:58,6,0,0
BRDA:59,7,0,0
BRDA:59,7,1,0
BRDA:64,8,0,0
BRDA:64,8,1,0
BRDA:92,9,0,0
BRDA:92,9,1,0
BRDA:101,10,0,0
BRDA:101,10,1,0
BRF:19
BRH:0
end_of_record
TN:
SF:src\app\api\billing\close\route.ts
FN:12,POST
FN:83,addLine
FN:103,(anonymous_3)
FN:136,(anonymous_4)
FN:137,(anonymous_5)
FN:137,(anonymous_6)
FN:197,(anonymous_7)
FNF:7
FNH:0
FNDA:0,POST
FNDA:0,addLine
FNDA:0,(anonymous_3)
FNDA:0,(anonymous_4)
FNDA:0,(anonymous_5)
FNDA:0,(anonymous_6)
FNDA:0,(anonymous_7)
DA:2,0
DA:3,0
DA:4,0
DA:5,0
DA:6,0
DA:7,0
DA:8,0
DA:12,0
DA:13,0
DA:16,0
DA:17,0
DA:18,0
DA:24,0
DA:26,0
DA:28,0
DA:30,0
DA:33,0
DA:39,0
DA:41,0
DA:42,0
DA:43,0
DA:46,0
DA:49,0
DA:50,0
DA:52,0
DA:56,0
DA:57,0
DA:58,0
DA:59,0
DA:60,0
DA:61,0
DA:66,0
DA:68,0
DA:70,0
DA:71,0
DA:73,0
DA:78,0
DA:79,0
DA:84,0
DA:85,0
DA:89,0
DA:90,0
DA:94,0
DA:100,0
DA:103,0
DA:104,0
DA:110,0
DA:111,0
DA:112,0
DA:113,0
DA:115,0
DA:121,0
DA:122,0
DA:124,0
DA:130,0
DA:131,0
DA:133,0
DA:134,0
DA:136,0
DA:137,0
DA:139,0
DA:142,0
DA:143,0
DA:144,0
DA:145,0
DA:146,0
DA:147,0
DA:152,0
DA:153,0
DA:154,0
DA:155,0
DA:158,0
DA:159,0
DA:161,0
DA:162,0
DA:163,0
DA:164,0
DA:165,0
DA:168,0
DA:175,0
DA:177,0
DA:180,0
DA:181,0
DA:183,0
DA:186,0
DA:189,0
DA:190,0
DA:191,0
DA:198,0
DA:203,0
DA:221,0
LF:91
LH:0
BRDA:17,0,0,0
BRDA:17,0,1,0
BRDA:28,1,0,0
BRDA:28,1,1,0
BRDA:41,2,0,0
BRDA:41,2,1,0
BRDA:49,3,0,0
BRDA:49,3,1,0
BRDA:50,4,0,0
BRDA:50,4,1,0
BRDA:56,5,0,0
BRDA:56,5,1,0
BRDA:57,6,0,0
BRDA:57,6,1,0
BRDA:58,7,0,0
BRDA:58,7,1,0
BRDA:59,8,0,0
BRDA:59,8,1,0
BRDA:60,9,0,0
BRDA:60,9,1,0
BRDA:61,10,0,0
BRDA:61,10,1,0
BRDA:68,11,0,0
BRDA:68,11,1,0
BRDA:70,12,0,0
BRDA:70,12,1,0
BRDA:78,13,0,0
BRDA:78,13,1,0
BRDA:89,14,0,0
BRDA:89,14,1,0
BRDA:100,15,0,0
BRDA:100,15,1,0
BRDA:100,16,0,0
BRDA:100,16,1,0
BRDA:111,17,0,0
BRDA:111,17,1,0
BRDA:112,18,0,0
BRDA:112,18,1,0
BRDA:116,19,0,0
BRDA:116,19,1,0
BRDA:130,20,0,0
BRDA:130,20,1,0
BRDA:134,21,0,0
BRDA:134,21,1,0
BRDA:142,22,0,0
BRDA:142,22,1,0
BRDA:143,23,0,0
BRDA:143,23,1,0
BRDA:143,24,0,0
BRDA:143,24,1,0
BRDA:144,25,0,0
BRDA:144,25,1,0
BRDA:144,26,0,0
BRDA:144,26,1,0
BRDA:145,27,0,0
BRDA:145,27,1,0
BRDA:145,28,0,0
BRDA:145,28,1,0
BRDA:162,29,0,0
BRDA:162,29,1,0
BRDA:163,30,0,0
BRDA:163,30,1,0
BRDA:164,31,0,0
BRDA:164,31,1,0
BRDA:165,32,0,0
BRDA:165,32,1,0
BRDA:175,33,0,0
BRDA:175,33,1,0
BRDA:186,34,0,0
BRDA:186,34,1,0
BRDA:189,35,0,0
BRDA:189,35,1,0
BRF:72
BRH:0
end_of_record
TN:
SF:src\app\api\billing\export\route.ts
FN:5,GET
FN:19,(anonymous_2)
FN:30,(anonymous_3)
FN:30,(anonymous_4)
FNF:4
FNH:0
FNDA:0,GET
FNDA:0,(anonymous_2)
FNDA:0,(anonymous_3)
FNDA:0,(anonymous_4)
DA:2,0
DA:3,0
DA:5,0
DA:6,0
DA:7,0
DA:8,0
DA:9,0
DA:11,0
DA:16,0
DA:18,0
DA:19,0
DA:29,0
DA:30,0
DA:33,0
LF:14
LH:0
BRDA:9,0,0,0
BRDA:9,0,1,0
BRDA:16,1,0,0
BRDA:16,1,1,0
BRDA:19,2,0,0
BRDA:19,2,1,0
BRDA:20,3,0,0
BRDA:20,3,1,0
BRF:8
BRH:0
end_of_record
TN:
SF:src\app\api\billing\invoices\route.ts
FN:5,GET
FNF:1
FNH:0
FNDA:0,GET
DA:2,0
DA:3,0
DA:5,0
DA:6,0
DA:7,0
DA:8,0
DA:10,0
DA:15,0
DA:17,0
DA:18,0
DA:20,0
LF:11
LH:0
BRDA:8,0,0,0
BRDA:8,0,1,0
BRDA:15,1,0,0
BRDA:15,1,1,0
BRDA:18,2,0,0
BRDA:18,2,1,0
BRDA:20,3,0,0
BRDA:20,3,1,0
BRF:8
BRH:0
end_of_record
TN:
SF:src\app\api\bulk-upload\route.ts
FN:14,POST
FN:41,(anonymous_6)
FN:52,(anonymous_7)
FN:126,parseWithClaude
FN:210,(anonymous_9)
FN:234,manualParse
FN:244,(anonymous_11)
FN:263,(anonymous_12)
FN:285,(anonymous_13)
FN:299,parseDateOfBirth
FN:309,parseFilingStatus
FN:317,parseTobacco
FN:323,parseGrossPay
FN:335,parseBenefits
FN:368,processStructuredData
FN:391,(anonymous_20)
FN:430,(anonymous_21)
FNF:17
FNH:1
FNDA:18,POST
FNDA:0,(anonymous_6)
FNDA:0,(anonymous_7)
FNDA:0,parseWithClaude
FNDA:0,(anonymous_9)
FNDA:0,manualParse
FNDA:0,(anonymous_11)
FNDA:0,(anonymous_12)
FNDA:0,(anonymous_13)
FNDA:0,parseDateOfBirth
FNDA:0,parseFilingStatus
FNDA:0,parseTobacco
FNDA:0,parseGrossPay
FNDA:0,parseBenefits
FNDA:0,processStructuredData
FNDA:0,(anonymous_20)
FNDA:0,(anonymous_21)
DA:2,1
DA:3,1
DA:4,1
DA:5,1
DA:6,1
DA:8,1
DA:10,1
DA:11,1
DA:14,18
DA:15,18
DA:16,18
DA:17,0
DA:19,0
DA:20,0
DA:27,0
DA:28,0
DA:31,0
DA:32,0
DA:33,0
DA:37,0
DA:39,0
DA:40,0
DA:41,0
DA:42,0
DA:46,0
DA:47,0
DA:48,0
DA:49,0
DA:52,0
DA:54,0
DA:56,0
DA:58,0
DA:59,0
DA:60,0
DA:64,0
DA:65,0
DA:69,0
DA:73,0
DA:74,0
DA:75,0
DA:76,0
DA:79,0
DA:80,0
DA:87,0
DA:89,0
DA:90,0
DA:102,0
DA:103,0
DA:106,0
DA:108,0
DA:118,18
DA:119,18
DA:127,0
DA:129,0
DA:132,0
DA:133,0
DA:137,0
DA:198,0
DA:210,0
DA:211,0
DA:212,0
DA:215,0
DA:218,0
DA:221,0
DA:222,0
DA:225,0
DA:226,0
DA:228,0
DA:230,0
DA:238,0
DA:239,0
DA:241,0
DA:242,0
DA:244,0
DA:246,0
DA:251,0
DA:256,0
DA:261,0
DA:263,0
DA:267,0
DA:281,0
DA:282,0
DA:285,0
DA:286,0
DA:288,0
DA:300,0
DA:301,0
DA:302,0
DA:303,0
DA:305,0
DA:310,0
DA:311,0
DA:312,0
DA:313,0
DA:314,0
DA:318,0
DA:319,0
DA:320,0
DA:324,0
DA:327,0
DA:328,0
DA:330,0
DA:332,0
DA:336,0
DA:339,0
DA:350,0
DA:351,0
DA:352,0
DA:353,0
DA:354,0
DA:360,0
DA:365,0
DA:369,0
DA:372,0
DA:385,0
DA:386,0
DA:390,0
DA:391,0
DA:392,0
DA:397,0
DA:398,0
DA:401,0
DA:402,0
DA:403,0
DA:420,0
DA:421,0
DA:425,0
DA:429,0
DA:430,0
DA:439,0
DA:443,0
DA:444,0
DA:448,0
DA:454,0
DA:461,0
LF:135
LH:13
BRDA:10,0,0,1
BRDA:10,0,1,0
BRDA:19,1,0,0
BRDA:19,1,1,0
BRDA:49,2,0,0
BRDA:49,2,1,0
BRDA:49,3,0,0
BRDA:49,3,1,0
BRDA:52,4,0,0
BRDA:52,4,1,0
BRDA:52,4,2,0
BRDA:56,5,0,0
BRDA:56,5,1,0
BRDA:56,6,0,0
BRDA:56,6,1,0
BRDA:56,6,2,0
BRDA:56,6,3,0
BRDA:64,7,0,0
BRDA:64,7,1,0
BRDA:69,8,0,0
BRDA:69,8,1,0
BRDA:74,9,0,0
BRDA:74,9,1,0
BRDA:79,10,0,0
BRDA:79,10,1,0
BRDA:79,11,0,0
BRDA:79,11,1,0
BRDA:89,12,0,0
BRDA:89,12,1,0
BRDA:93,13,0,0
BRDA:93,13,1,0
BRDA:103,14,0,0
BRDA:103,14,1,0
BRDA:112,15,0,0
BRDA:112,15,1,0
BRDA:113,16,0,0
BRDA:113,16,1,0
BRDA:127,17,0,0
BRDA:127,17,1,0
BRDA:211,18,0,0
BRDA:211,18,1,0
BRDA:211,19,0,0
BRDA:211,19,1,0
BRDA:218,20,0,0
BRDA:218,20,1,0
BRDA:221,21,0,0
BRDA:221,21,1,0
BRDA:225,22,0,0
BRDA:225,22,1,0
BRDA:239,23,0,0
BRDA:239,23,1,0
BRDA:241,24,0,0
BRDA:241,24,1,0
BRDA:241,24,2,0
BRDA:242,25,0,0
BRDA:242,25,1,0
BRDA:242,25,2,0
BRDA:246,26,0,0
BRDA:246,26,1,0
BRDA:246,26,2,0
BRDA:246,26,3,0
BRDA:246,26,4,0
BRDA:246,26,5,0
BRDA:246,26,6,0
BRDA:246,26,7,0
BRDA:246,26,8,0
BRDA:251,27,0,0
BRDA:251,27,1,0
BRDA:251,27,2,0
BRDA:251,27,3,0
BRDA:251,27,4,0
BRDA:251,27,5,0
BRDA:251,27,6,0
BRDA:251,27,7,0
BRDA:251,27,8,0
BRDA:256,28,0,0
BRDA:256,28,1,0
BRDA:256,28,2,0
BRDA:256,28,3,0
BRDA:256,28,4,0
BRDA:256,28,5,0
BRDA:256,28,6,0
BRDA:256,28,7,0
BRDA:256,28,8,0
BRDA:256,28,9,0
BRDA:256,28,10,0
BRDA:256,28,11,0
BRDA:263,29,0,0
BRDA:263,29,1,0
BRDA:270,30,0,0
BRDA:270,30,1,0
BRDA:270,30,2,0
BRDA:270,30,3,0
BRDA:270,30,4,0
BRDA:271,31,0,0
BRDA:271,31,1,0
BRDA:271,31,2,0
BRDA:271,31,3,0
BRDA:271,31,4,0
BRDA:271,31,5,0
BRDA:271,31,6,0
BRDA:272,32,0,0
BRDA:272,32,1,0
BRDA:272,32,2,0
BRDA:272,32,3,0
BRDA:272,32,4,0
BRDA:272,32,5,0
BRDA:272,32,6,0
BRDA:274,33,0,0
BRDA:274,33,1,0
BRDA:274,33,2,0
BRDA:274,33,3,0
BRDA:274,33,4,0
BRDA:275,34,0,0
BRDA:275,34,1,0
BRDA:275,34,2,0
BRDA:275,34,3,0
BRDA:275,34,4,0
BRDA:276,35,0,0
BRDA:276,35,1,0
BRDA:276,35,2,0
BRDA:276,35,3,0
BRDA:277,36,0,0
BRDA:277,36,1,0
BRDA:277,36,2,0
BRDA:277,36,3,0
BRDA:278,37,0,0
BRDA:278,37,1,0
BRDA:278,37,2,0
BRDA:281,38,0,0
BRDA:281,38,1,0
BRDA:285,39,0,0
BRDA:285,39,1,0
BRDA:300,40,0,0
BRDA:300,40,1,0
BRDA:310,41,0,0
BRDA:310,41,1,0
BRDA:312,42,0,0
BRDA:312,42,1,0
BRDA:313,43,0,0
BRDA:313,43,1,0
BRDA:318,44,0,0
BRDA:318,44,1,0
BRDA:320,45,0,0
BRDA:320,45,1,0
BRDA:320,45,2,0
BRDA:320,45,3,0
BRDA:324,46,0,0
BRDA:324,46,1,0
BRDA:332,47,0,0
BRDA:332,47,1,0
BRDA:352,48,0,0
BRDA:352,48,1,0
BRDA:352,48,2,0
BRDA:353,49,0,0
BRDA:353,49,1,0
BRDA:358,50,0,0
BRDA:358,50,1,0
BRDA:379,51,0,0
BRDA:379,51,1,0
BRDA:385,52,0,0
BRDA:385,52,1,0
BRDA:385,53,0,0
BRDA:385,53,1,0
BRDA:390,54,0,0
BRDA:390,54,1,0
BRDA:409,55,0,0
BRDA:409,55,1,0
BRDA:420,56,0,0
BRDA:420,56,1,0
BRDA:420,57,0,0
BRDA:420,57,1,0
BRDA:429,58,0,0
BRDA:429,58,1,0
BRDA:429,59,0,0
BRDA:429,59,1,0
BRDA:434,60,0,0
BRDA:434,60,1,0
BRDA:435,61,0,0
BRDA:435,61,1,0
BRDA:443,62,0,0
BRDA:443,62,1,0
BRDA:451,63,0,0
BRDA:451,63,1,0
BRF:184
BRH:1
end_of_record
TN:
SF:src\app\api\companies\route.ts
FN:4,GET
FN:11,POST
FN:51,PATCH
FN:88,DELETE
FNF:4
FNH:0
FNDA:0,GET
FNDA:0,POST
FNDA:0,PATCH
FNDA:0,DELETE
DA:1,0
DA:2,0
DA:4,0
DA:5,0
DA:6,0
DA:7,0
DA:8,0
DA:11,0
DA:12,0
DA:13,0
DA:14,0
DA:16,0
DA:35,0
DA:36,0
DA:42,0
DA:44,0
DA:51,0
DA:52,0
DA:53,0
DA:54,0
DA:56,0
DA:57,0
DA:63,0
DA:65,0
DA:72,0
DA:73,0
DA:79,0
DA:81,0
DA:88,0
DA:89,0
DA:90,0
DA:91,0
DA:93,0
DA:94,0
DA:100,0
DA:103,0
DA:109,0
DA:110,0
DA:116,0
DA:121,0
DA:122,0
DA:128,0
DA:130,0
LF:43
LH:0
BRDA:7,0,0,0
BRDA:7,0,1,0
BRDA:8,1,0,0
BRDA:8,1,1,0
BRDA:21,2,0,0
BRDA:21,2,1,0
BRDA:22,3,0,0
BRDA:22,3,1,0
BRDA:23,4,0,0
BRDA:23,4,1,0
BRDA:24,5,0,0
BRDA:24,5,1,0
BRDA:25,6,0,0
BRDA:25,6,1,0
BRDA:26,7,0,0
BRDA:26,7,1,0
BRDA:27,8,0,0
BRDA:27,8,1,0
BRDA:28,9,0,0
BRDA:28,9,1,0
BRDA:29,10,0,0
BRDA:29,10,1,0
BRDA:30,11,0,0
BRDA:30,11,1,0
BRDA:35,12,0,0
BRDA:35,12,1,0
BRDA:56,13,0,0
BRDA:56,13,1,0
BRDA:72,14,0,0
BRDA:72,14,1,0
BRDA:93,15,0,0
BRDA:93,15,1,0
BRDA:109,16,0,0
BRDA:109,16,1,0
BRDA:109,17,0,0
BRDA:109,17,1,0
BRDA:121,18,0,0
BRDA:121,18,1,0
BRF:38
BRH:0
end_of_record
TN:
SF:src\app\api\dashboard\analytics\route.ts
FN:11,GET
FN:48,(anonymous_4)
FN:56,(anonymous_5)
FN:96,(anonymous_6)
FN:122,(anonymous_7)
FN:123,(anonymous_8)
FN:123,(anonymous_9)
FN:179,(anonymous_10)
FN:180,(anonymous_11)
FN:223,(anonymous_12)
FN:266,(anonymous_13)
FNF:11
FNH:1
FNDA:13,GET
FNDA:0,(anonymous_4)
FNDA:0,(anonymous_5)
FNDA:0,(anonymous_6)
FNDA:0,(anonymous_7)
FNDA:0,(anonymous_8)
FNDA:0,(anonymous_9)
FNDA:0,(anonymous_10)
FNDA:0,(anonymous_11)
FNDA:0,(anonymous_12)
FNDA:0,(anonymous_13)
DA:4,1
DA:5,1
DA:6,1
DA:7,1
DA:9,1
DA:11,13
DA:12,13
DA:13,13
DA:14,13
DA:16,13
DA:22,13
DA:26,13
DA:32,13
DA:37,13
DA:43,13
DA:48,13
DA:49,13
DA:56,13
DA:57,13
DA:63,13
DA:64,13
DA:65,13
DA:66,13
DA:69,13
DA:76,12
DA:81,12
DA:82,12
DA:83,12
DA:84,12
DA:86,12
DA:87,0
DA:93,0
DA:96,0
DA:97,0
DA:102,0
DA:103,0
DA:104,0
DA:105,0
DA:107,0
DA:113,0
DA:114,0
DA:115,0
DA:117,0
DA:118,0
DA:120,0
DA:121,0
DA:122,0
DA:123,0
DA:125,0
DA:128,0
DA:129,0
DA:130,0
DA:131,0
DA:132,0
DA:133,0
DA:138,0
DA:139,0
DA:140,0
DA:141,0
DA:143,0
DA:144,0
DA:145,0
DA:147,0
DA:158,12
DA:166,12
DA:167,12
DA:168,72
DA:169,72
DA:170,72
DA:171,72
DA:172,72
DA:174,72
DA:179,72
DA:180,72
DA:182,72
DA:194,12
DA:202,12
DA:203,0
DA:209,0
DA:210,0
DA:211,0
DA:212,0
DA:213,0
DA:222,12
DA:223,0
DA:230,12
DA:231,12
DA:232,12
DA:238,12
DA:266,0
DA:269,13
DA:270,13
LF:92
LH:51
BRDA:14,0,0,13
BRDA:14,0,1,13
BRDA:48,1,0,13
BRDA:48,1,1,13
BRDA:49,2,0,0
BRDA:49,2,1,13
BRDA:56,3,0,13
BRDA:56,3,1,0
BRDA:57,4,0,0
BRDA:57,4,1,13
BRDA:86,5,0,12
BRDA:86,5,1,12
BRDA:93,6,0,0
BRDA:93,6,1,0
BRDA:93,7,0,0
BRDA:93,7,1,0
BRDA:103,8,0,0
BRDA:103,8,1,0
BRDA:104,9,0,0
BRDA:104,9,1,0
BRDA:108,10,0,0
BRDA:108,10,1,0
BRDA:114,11,0,0
BRDA:114,11,1,0
BRDA:121,12,0,0
BRDA:121,12,1,0
BRDA:128,13,0,0
BRDA:128,13,1,0
BRDA:129,14,0,0
BRDA:129,14,1,0
BRDA:129,15,0,0
BRDA:129,15,1,0
BRDA:130,16,0,0
BRDA:130,16,1,0
BRDA:130,17,0,0
BRDA:130,17,1,0
BRDA:131,18,0,0
BRDA:131,18,1,0
BRDA:131,19,0,0
BRDA:131,19,1,0
BRDA:158,20,0,0
BRDA:158,20,1,12
BRDA:179,21,0,72
BRDA:179,21,1,72
BRDA:179,22,0,0
BRDA:179,22,1,0
BRDA:180,23,0,72
BRDA:180,23,1,72
BRDA:180,24,0,0
BRDA:180,24,1,0
BRDA:202,25,0,12
BRDA:202,25,1,12
BRDA:209,26,0,0
BRDA:209,26,1,0
BRDA:211,27,0,0
BRDA:211,27,1,0
BRDA:211,28,0,0
BRDA:211,28,1,0
BRDA:230,29,0,0
BRDA:230,29,1,12
BRDA:230,30,0,12
BRDA:230,30,1,0
BRDA:231,31,0,0
BRDA:231,31,1,12
BRDA:231,32,0,12
BRDA:231,32,1,0
BRDA:232,33,0,0
BRDA:232,33,1,12
BRDA:232,34,0,12
BRDA:232,34,1,0
BRDA:244,35,0,12
BRDA:244,35,1,12
BRDA:245,36,0,12
BRDA:245,36,1,12
BRDA:246,37,0,12
BRDA:246,37,1,12
BRDA:247,38,0,12
BRDA:247,38,1,12
BRF:78
BRH:30
end_of_record
TN:
SF:src\app\api\dashboard\goals\route.ts
FN:9,GET
FN:25,POST
FN:59,PUT
FN:62,(anonymous_9)
FN:86,DELETE
FNF:5
FNH:0
FNDA:0,GET
FNDA:0,POST
FNDA:0,PUT
FNDA:0,(anonymous_9)
FNDA:0,DELETE
DA:2,0
DA:3,0
DA:4,0
DA:6,0
DA:9,0
DA:10,0
DA:12,0
DA:17,0
DA:18,0
DA:21,0
DA:25,0
DA:26,0
DA:28,0
DA:29,0
DA:30,0
DA:36,0
DA:38,0
DA:51,0
DA:52,0
DA:55,0
DA:59,0
DA:60,0
DA:62,0
DA:64,0
DA:65,0
DA:71,0
DA:78,0
DA:79,0
DA:82,0
DA:86,0
DA:87,0
DA:89,0
DA:90,0
DA:92,0
DA:93,0
DA:96,0
DA:101,0
DA:102,0
DA:105,0
LF:39
LH:0
BRDA:17,0,0,0
BRDA:17,0,1,0
BRDA:21,1,0,0
BRDA:21,1,1,0
BRDA:29,2,0,0
BRDA:29,2,1,0
BRDA:51,3,0,0
BRDA:51,3,1,0
BRDA:64,4,0,0
BRDA:64,4,1,0
BRDA:64,5,0,0
BRDA:64,5,1,0
BRDA:78,6,0,0
BRDA:78,6,1,0
BRDA:92,7,0,0
BRDA:92,7,1,0
BRDA:101,8,0,0
BRDA:101,8,1,0
BRF:18
BRH:0
end_of_record
TN:
SF:src\app\api\dashboard\projections\route.ts
FN:20,POST
FN:116,GET
FNF:2
FNH:0
FNDA:0,POST
FNDA:0,GET
DA:2,0
DA:3,0
DA:4,0
DA:5,0
DA:7,0
DA:9,0
DA:20,0
DA:21,0
DA:23,0
DA:24,0
DA:25,0
DA:39,0
DA:42,0
DA:43,0
DA:44,0
DA:45,0
DA:48,0
DA:53,0
DA:58,0
DA:59,0
DA:61,0
DA:63,0
DA:93,0
DA:94,0
DA:95,0
DA:97,0
DA:109,0
DA:116,0
DA:117,0
DA:119,0
DA:125,0
DA:126,0
DA:129,0
LF:33
LH:0
BRDA:24,0,0,0
BRDA:24,0,1,0
BRDA:58,1,0,0
BRDA:58,1,1,0
BRDA:59,2,0,0
BRDA:59,2,1,0
BRDA:61,3,0,0
BRDA:61,3,1,0
BRDA:78,4,0,0
BRDA:78,4,1,0
BRDA:79,5,0,0
BRDA:79,5,1,0
BRDA:93,6,0,0
BRDA:93,6,1,0
BRDA:125,7,0,0
BRDA:125,7,1,0
BRDA:129,8,0,0
BRDA:129,8,1,0
BRF:18
BRH:0
end_of_record
TN:
SF:src\app\api\debug\db-test\route.ts
FN:7,GET
FNF:1
FNH:0
FNDA:0,GET
DA:2,0
DA:3,0
DA:5,0
DA:7,0
DA:8,0
DA:9,0
DA:12,0
DA:17,0
DA:23,0
DA:28,0
DA:33,0
DA:59,0
LF:12
LH:0
BRDA:40,0,0,0
BRDA:40,0,1,0
BRDA:44,1,0,0
BRDA:44,1,1,0
BRDA:48,2,0,0
BRDA:48,2,1,0
BRDA:52,3,0,0
BRDA:52,3,1,0
BRDA:55,4,0,0
BRDA:55,4,1,0
BRF:10
BRH:0
end_of_record
TN:
SF:src\app\api\email\test\route.ts
FN:10,POST
FNF:1
FNH:0
FNDA:0,POST
DA:4,0
DA:5,0
DA:6,0
DA:8,0
DA:10,0
DA:11,0
DA:13,0
DA:14,0
DA:15,0
DA:21,0
DA:23,0
DA:24,0
DA:30,0
DA:32,0
DA:33,0
DA:39,0
DA:45,0
DA:46,0
LF:18
LH:0
BRDA:14,0,0,0
BRDA:14,0,1,0
BRDA:14,1,0,0
BRDA:14,1,1,0
BRDA:23,2,0,0
BRDA:23,2,1,0
BRDA:32,3,0,0
BRDA:32,3,1,0
BRF:8
BRH:0
end_of_record
TN:
SF:src\app\api\employees\route.ts
FN:5,GET
FN:26,POST
FN:58,PATCH
FN:87,(anonymous_8)
FN:114,DELETE
FNF:5
FNH:4
FNDA:4,GET
FNDA:6,POST
FNDA:2,PATCH
FNDA:0,(anonymous_8)
FNDA:2,DELETE
DA:2,1
DA:3,1
DA:5,4
DA:6,4
DA:7,4
DA:9,4
DA:11,4
DA:13,4
DA:14,1
DA:17,4
DA:19,4
DA:20,0
DA:23,4
DA:26,6
DA:27,6
DA:28,6
DA:29,6
DA:31,6
DA:48,6
DA:49,0
DA:52,6
DA:54,6
DA:58,2
DA:59,2
DA:60,2
DA:61,2
DA:63,2
DA:64,2
DA:71,0
DA:72,0
DA:74,0
DA:75,0
DA:77,0
DA:81,0
DA:87,0
DA:88,0
DA:89,0
DA:93,0
DA:95,0
DA:102,0
DA:103,0
DA:104,0
DA:107,0
DA:109,2
DA:110,2
DA:114,2
DA:115,2
DA:116,2
DA:117,2
DA:119,2
DA:120,2
DA:126,0
DA:129,0
DA:132,0
DA:134,0
DA:135,0
DA:138,0
DA:140,2
LF:58
LH:35
BRDA:13,0,0,1
BRDA:13,0,1,3
BRDA:19,1,0,0
BRDA:19,1,1,4
BRDA:37,2,0,6
BRDA:37,2,1,6
BRDA:38,3,0,6
BRDA:38,3,1,0
BRDA:39,4,0,6
BRDA:39,4,1,6
BRDA:40,5,0,6
BRDA:40,5,1,6
BRDA:41,6,0,6
BRDA:41,6,1,6
BRDA:42,7,0,0
BRDA:42,7,1,6
BRDA:43,8,0,6
BRDA:43,8,1,6
BRDA:48,9,0,0
BRDA:48,9,1,6
BRDA:63,10,0,2
BRDA:63,10,1,0
BRDA:75,11,0,0
BRDA:75,11,1,0
BRDA:77,12,0,0
BRDA:77,12,1,0
BRDA:77,13,0,0
BRDA:77,13,1,0
BRDA:77,13,2,0
BRDA:77,13,3,0
BRDA:88,14,0,0
BRDA:88,14,1,0
BRDA:88,15,0,0
BRDA:88,15,1,0
BRDA:102,16,0,0
BRDA:102,16,1,0
BRDA:119,17,0,2
BRDA:119,17,1,0
BRDA:134,18,0,0
BRDA:134,18,1,0
BRF:40
BRH:18
end_of_record
TN:
SF:src\app\api\health\route.ts
FN:2,GET
FNF:1
FNH:0
FNDA:0,GET
DA:1,0
DA:2,0
DA:3,0
LF:3
LH:0
BRF:0
BRH:0
end_of_record
TN:
SF:src\app\api\invoices\route.ts
FN:5,GET
FN:34,PATCH
FN:65,DELETE
FNF:3
FNH:1
FNDA:13,GET
FNDA:0,PATCH
FNDA:0,DELETE
DA:2,2
DA:3,2
DA:5,13
DA:6,13
DA:7,13
DA:8,13
DA:10,13
DA:12,13
DA:17,13
DA:18,2
DA:21,13
DA:22,1
DA:25,13
DA:27,13
DA:28,0
DA:31,13
DA:34,0
DA:35,0
DA:36,0
DA:37,0
DA:39,0
DA:40,0
DA:46,0
DA:48,0
DA:55,0
DA:56,0
DA:59,0
DA:61,0
DA:65,0
DA:66,0
DA:67,0
DA:68,0
DA:70,0
DA:71,0
DA:77,0
DA:79,0
DA:81,0
DA:82,0
DA:85,0
DA:87,0
LF:40
LH:15
BRDA:17,0,0,2
BRDA:17,0,1,11
BRDA:21,1,0,1
BRDA:21,1,1,12
BRDA:27,2,0,0
BRDA:27,2,1,13
BRDA:39,3,0,0
BRDA:39,3,1,0
BRDA:55,4,0,0
BRDA:55,4,1,0
BRDA:70,5,0,0
BRDA:70,5,1,0
BRDA:81,6,0,0
BRDA:81,6,1,0
BRF:14
BRH:5
end_of_record
TN:
SF:src\app\api\invoices\[id]\email\route.ts
FN:5,POST
FN:67,(anonymous_3)
FNF:2
FNH:1
FNDA:6,POST
FNDA:0,(anonymous_3)
DA:1,1
DA:2,1
DA:3,1
DA:5,6
DA:9,6
DA:10,6
DA:13,6
DA:26,6
DA:27,1
DA:33,5
DA:35,5
DA:36,0
DA:43,3
DA:49,3
DA:59,3
DA:60,3
DA:61,3
DA:62,3
DA:65,3
DA:66,3
DA:67,0
DA:68,0
DA:69,0
DA:80,3
DA:219,3
DA:227,2
DA:232,2
DA:237,6
DA:238,6
LF:29
LH:25
BRDA:26,0,0,1
BRDA:26,0,1,5
BRDA:26,1,0,6
BRDA:26,1,1,6
BRDA:33,2,0,0
BRDA:33,2,1,5
BRDA:35,3,0,0
BRDA:35,3,1,3
BRDA:51,4,0,3
BRDA:51,4,1,0
BRDA:66,5,0,0
BRDA:66,5,1,3
BRDA:66,6,0,3
BRDA:66,6,1,0
BRDA:179,7,0,0
BRDA:179,7,1,3
BRDA:220,8,0,3
BRDA:220,8,1,0
BRDA:220,9,0,3
BRDA:220,9,1,0
BRF:20
BRH:12
end_of_record
TN:
SF:src\app\api\invoices\[id]\pdf\route.ts
FN:7,GET
FNF:1
FNH:0
FNDA:0,GET
DA:1,0
DA:2,0
DA:3,0
DA:4,0
DA:5,0
DA:7,0
DA:11,0
DA:12,0
DA:15,0
DA:29,0
DA:30,0
DA:37,0
DA:44,0
DA:45,0
DA:46,0
DA:49,0
DA:50,0
DA:54,0
DA:55,0
DA:56,0
DA:57,0
DA:59,0
DA:62,0
DA:65,0
DA:66,0
DA:67,0
DA:73,0
DA:77,0
DA:85,0
DA:88,0
DA:97,0
DA:98,0
DA:105,0
DA:106,0
DA:113,0
DA:114,0
DA:115,0
DA:122,0
DA:123,0
DA:131,0
DA:134,0
DA:141,0
DA:142,0
DA:143,0
DA:150,0
DA:151,0
DA:152,0
DA:161,0
DA:164,0
DA:172,0
DA:179,0
DA:186,0
DA:193,0
DA:200,0
DA:203,0
DA:204,0
DA:205,0
DA:212,0
DA:219,0
DA:220,0
DA:227,0
DA:228,0
DA:235,0
DA:239,0
DA:242,0
DA:243,0
DA:244,0
DA:246,0
DA:253,0
DA:260,0
DA:262,0
DA:263,0
DA:270,0
DA:277,0
DA:281,0
DA:288,0
DA:290,0
DA:297,0
DA:306,0
DA:307,0
DA:315,0
DA:316,0
DA:325,0
DA:327,0
DA:334,0
DA:335,0
LF:86
LH:0
BRDA:29,0,0,0
BRDA:29,0,1,0
BRDA:29,1,0,0
BRDA:29,1,1,0
BRDA:65,2,0,0
BRDA:65,2,1,0
BRDA:128,3,0,0
BRDA:128,3,1,0
BRDA:142,4,0,0
BRDA:142,4,1,0
BRDA:151,5,0,0
BRDA:151,5,1,0
BRDA:203,6,0,0
BRDA:203,6,1,0
BRDA:203,7,0,0
BRDA:203,7,1,0
BRDA:262,8,0,0
BRDA:262,8,1,0
BRF:18
BRH:0
end_of_record
TN:
SF:src\app\api\invoices\email-batch\route.ts
FN:4,POST
FN:21,(anonymous_2)
FNF:2
FNH:1
FNDA:5,POST
FNDA:0,(anonymous_2)
DA:1,1
DA:2,1
DA:4,5
DA:5,5
DA:6,5
DA:7,5
DA:9,5
DA:10,5
DA:13,5
DA:14,3
DA:20,0
DA:21,0
DA:22,2
DA:23,1
DA:25,1
DA:31,1
DA:32,0
DA:40,1
DA:47,1
DA:48,2
DA:49,2
DA:59,2
DA:61,2
DA:62,2
DA:64,0
DA:65,0
DA:68,0
DA:69,0
DA:73,1
DA:79,5
DA:80,5
LF:31
LH:24
BRDA:13,0,0,3
BRDA:13,0,1,2
BRDA:20,1,0,0
BRDA:20,1,1,0
BRDA:21,2,0,0
BRDA:21,2,1,0
BRDA:22,3,0,1
BRDA:22,3,1,1
BRDA:22,4,0,2
BRDA:22,4,1,1
BRDA:31,5,0,0
BRDA:31,5,1,1
BRDA:61,6,0,2
BRDA:61,6,1,0
BRF:14
BRH:8
end_of_record
TN:
SF:src\app\api\month-end\[id]\route.ts
FN:5,GET
FNF:1
FNH:0
FNDA:0,GET
DA:1,0
DA:2,0
DA:5,0
DA:9,0
DA:10,0
DA:11,0
DA:14,0
DA:20,0
DA:21,0
DA:28,0
DA:34,0
DA:36,0
DA:44,0
LF:13
LH:0
BRDA:20,0,0,0
BRDA:20,0,1,0
BRDA:20,1,0,0
BRDA:20,1,1,0
BRDA:34,2,0,0
BRDA:34,2,1,0
BRDA:40,3,0,0
BRDA:40,3,1,0
BRF:8
BRH:0
end_of_record
TN:
SF:src\app\api\month-end\[id]\download\route.ts
FN:5,GET
FNF:1
FNH:0
FNDA:0,GET
DA:1,0
DA:2,0
DA:5,0
DA:9,0
DA:10,0
DA:11,0
DA:14,0
DA:20,0
DA:21,0
DA:28,0
DA:34,0
DA:37,0
DA:40,0
DA:41,0
DA:42,0
DA:43,0
DA:44,0
DA:47,0
DA:48,0
DA:49,0
DA:50,0
DA:51,0
DA:52,0
DA:53,0
DA:54,0
DA:55,0
DA:56,0
DA:57,0
DA:58,0
DA:59,0
DA:60,0
DA:61,0
DA:64,0
DA:65,0
DA:70,0
DA:71,0
DA:72,0
DA:90,0
DA:91,0
DA:93,0
DA:101,0
LF:41
LH:0
BRDA:20,0,0,0
BRDA:20,0,1,0
BRDA:20,1,0,0
BRDA:20,1,1,0
BRDA:34,2,0,0
BRDA:34,2,1,0
BRDA:50,3,0,0
BRDA:50,3,1,0
BRDA:51,4,0,0
BRDA:51,4,1,0
BRDA:52,5,0,0
BRDA:52,5,1,0
BRDA:53,6,0,0
BRDA:53,6,1,0
BRDA:54,7,0,0
BRDA:54,7,1,0
BRDA:55,8,0,0
BRDA:55,8,1,0
BRDA:56,9,0,0
BRDA:56,9,1,0
BRDA:57,10,0,0
BRDA:57,10,1,0
BRDA:58,11,0,0
BRDA:58,11,1,0
BRDA:59,12,0,0
BRDA:59,12,1,0
BRDA:70,13,0,0
BRDA:70,13,1,0
BRDA:75,14,0,0
BRDA:75,14,1,0
BRDA:78,15,0,0
BRDA:78,15,1,0
BRDA:79,16,0,0
BRDA:79,16,1,0
BRDA:80,17,0,0
BRDA:80,17,1,0
BRDA:81,18,0,0
BRDA:81,18,1,0
BRDA:82,19,0,0
BRDA:82,19,1,0
BRDA:83,20,0,0
BRDA:83,20,1,0
BRDA:84,21,0,0
BRDA:84,21,1,0
BRF:44
BRH:0
end_of_record
TN:
SF:src\app\api\month-end\close\route.ts
FN:6,POST
FN:119,(anonymous_4)
FN:327,GET
FNF:3
FNH:1
FNDA:6,POST
FNDA:0,(anonymous_4)
FNDA:0,GET
DA:1,1
DA:2,1
DA:3,1
DA:6,6
DA:7,6
DA:8,6
DA:9,6
DA:11,6
DA:12,6
DA:18,0
DA:21,0
DA:22,0
DA:27,0
DA:30,0
DA:36,0
DA:37,0
DA:49,0
DA:50,0
DA:51,0
DA:56,0
DA:66,0
DA:67,0
DA:71,0
DA:76,0
DA:77,0
DA:86,0
DA:93,0
DA:94,0
DA:95,0
DA:96,0
DA:97,0
DA:98,0
DA:99,0
DA:100,0
DA:101,0
DA:102,0
DA:103,0
DA:104,0
DA:107,0
DA:108,0
DA:110,0
DA:116,0
DA:118,0
DA:119,0
DA:122,0
DA:125,0
DA:126,0
DA:127,0
DA:129,0
DA:130,0
DA:131,0
DA:132,0
DA:133,0
DA:134,0
DA:136,0
DA:139,0
DA:140,0
DA:142,0
DA:143,0
DA:147,0
DA:150,0
DA:153,0
DA:156,0
DA:159,0
DA:165,0
DA:166,0
DA:168,0
DA:169,0
DA:170,0
DA:171,0
DA:172,0
DA:173,0
DA:179,0
DA:195,0
DA:196,0
DA:197,0
DA:198,0
DA:199,0
DA:200,0
DA:201,0
DA:202,0
DA:205,0
DA:206,0
DA:207,0
DA:225,0
DA:226,0
DA:227,0
DA:236,0
DA:237,0
DA:247,0
DA:248,0
DA:252,0
DA:253,0
DA:258,0
DA:263,0
DA:264,0
DA:265,0
DA:266,0
DA:267,0
DA:268,0
DA:274,0
DA:296,0
DA:297,0
DA:298,0
DA:299,0
DA:301,0
DA:317,6
DA:319,6
DA:327,0
DA:328,0
DA:329,0
DA:331,0
DA:337,0
DA:339,0
DA:341,0
LF:115
LH:11
BRDA:9,0,0,6
BRDA:11,1,0,6
BRDA:11,1,1,0
BRDA:36,2,0,0
BRDA:36,2,1,0
BRDA:36,3,0,0
BRDA:36,3,1,0
BRDA:49,4,0,0
BRDA:49,4,1,0
BRDA:66,5,0,0
BRDA:66,5,1,0
BRDA:76,6,0,0
BRDA:76,6,1,0
BRDA:76,7,0,0
BRDA:76,7,1,0
BRDA:116,8,0,0
BRDA:116,8,1,0
BRDA:118,9,0,0
BRDA:118,9,1,0
BRDA:119,10,0,0
BRDA:119,10,1,0
BRDA:119,10,2,0
BRDA:122,11,0,0
BRDA:122,11,1,0
BRDA:129,12,0,0
BRDA:129,12,1,0
BRDA:132,13,0,0
BRDA:132,13,1,0
BRDA:132,14,0,0
BRDA:132,14,1,0
BRDA:133,15,0,0
BRDA:133,15,1,0
BRDA:133,16,0,0
BRDA:133,16,1,0
BRDA:134,17,0,0
BRDA:134,17,1,0
BRDA:134,18,0,0
BRDA:134,18,1,0
BRDA:139,19,0,0
BRDA:139,19,1,0
BRDA:140,20,0,0
BRDA:140,20,1,0
BRDA:168,21,0,0
BRDA:168,21,1,0
BRDA:170,22,0,0
BRDA:170,22,1,0
BRDA:172,23,0,0
BRDA:172,23,1,0
BRDA:205,24,0,0
BRDA:205,24,1,0
BRDA:205,25,0,0
BRDA:205,25,1,0
BRDA:225,26,0,0
BRDA:225,26,1,0
BRDA:241,27,0,0
BRDA:241,27,1,0
BRDA:263,28,0,0
BRDA:263,28,1,0
BRDA:265,29,0,0
BRDA:265,29,1,0
BRDA:267,30,0,0
BRDA:267,30,1,0
BRDA:337,31,0,0
BRDA:337,31,1,0
BRF:64
BRH:2
end_of_record
TN:
SF:src\app\api\optimizer\preview\route.ts
FN:19,POST
FN:79,(anonymous_4)
FN:80,(anonymous_5)
FN:82,(anonymous_6)
FN:83,(anonymous_7)
FN:84,(anonymous_8)
FN:127,computeTaxes
FN:158,(anonymous_10)
FNF:8
FNH:0
FNDA:0,POST
FNDA:0,(anonymous_4)
FNDA:0,(anonymous_5)
FNDA:0,(anonymous_6)
FNDA:0,(anonymous_7)
FNDA:0,(anonymous_8)
FNDA:0,computeTaxes
FNDA:0,(anonymous_10)
DA:2,0
DA:4,0
DA:5,0
DA:6,0
DA:7,0
DA:8,0
DA:9,0
DA:19,0
DA:20,0
DA:23,0
DA:24,0
DA:25,0
DA:31,0
DA:34,0
DA:39,0
DA:40,0
DA:43,0
DA:48,0
DA:49,0
DA:53,0
DA:54,0
DA:55,0
DA:68,0
DA:72,0
DA:73,0
DA:75,0
DA:78,0
DA:79,0
DA:80,0
DA:81,0
DA:82,0
DA:83,0
DA:84,0
DA:87,0
DA:93,0
DA:94,0
DA:96,0
DA:97,0
DA:100,0
DA:105,0
DA:106,0
DA:109,0
DA:116,0
DA:119,0
DA:120,0
DA:129,0
DA:132,0
DA:133,0
DA:136,0
DA:137,0
DA:138,0
DA:141,0
DA:142,0
DA:146,0
DA:147,0
DA:150,0
DA:153,0
DA:154,0
DA:155,0
DA:158,0
DA:159,0
DA:160,0
DA:161,0
DA:165,0
DA:168,0
DA:169,0
DA:171,0
LF:67
LH:0
BRDA:24,0,0,0
BRDA:24,0,1,0
BRDA:39,1,0,0
BRDA:39,1,1,0
BRDA:39,2,0,0
BRDA:39,2,1,0
BRDA:40,3,0,0
BRDA:40,3,1,0
BRDA:48,4,0,0
BRDA:48,4,1,0
BRDA:48,5,0,0
BRDA:48,5,1,0
BRDA:49,6,0,0
BRDA:49,6,1,0
BRDA:54,7,0,0
BRDA:54,7,1,0
BRDA:56,8,0,0
BRDA:56,8,1,0
BRDA:72,9,0,0
BRDA:72,9,1,0
BRDA:75,10,0,0
BRDA:75,10,1,0
BRDA:80,11,0,0
BRDA:80,11,1,0
BRDA:83,12,0,0
BRDA:83,12,1,0
BRDA:84,13,0,0
BRDA:84,13,1,0
BRDA:93,14,0,0
BRDA:93,14,1,0
BRDA:93,15,0,0
BRDA:93,15,1,0
BRDA:96,16,0,0
BRDA:96,16,1,0
BRDA:97,17,0,0
BRDA:97,17,1,0
BRDA:105,18,0,0
BRDA:105,18,1,0
BRDA:105,19,0,0
BRDA:105,19,1,0
BRDA:116,20,0,0
BRDA:116,20,1,0
BRDA:119,21,0,0
BRDA:119,21,1,0
BRDA:119,21,2,0
BRDA:133,22,0,0
BRDA:133,22,1,0
BRDA:137,23,0,0
BRDA:137,23,1,0
BRDA:137,24,0,0
BRDA:137,24,1,0
BRF:51
BRH:0
end_of_record
TN:
SF:src\app\api\proposals\route.ts
FN:7,GET
FNF:1
FNH:1
FNDA:3,GET
DA:1,1
DA:2,1
DA:4,1
DA:7,3
DA:8,3
DA:9,3
DA:11,3
DA:32,3
DA:34,3
DA:39,3
LF:10
LH:10
BRDA:32,0,0,0
BRDA:32,0,1,3
BRDA:36,1,0,3
BRDA:36,1,1,3
BRF:4
BRH:3
end_of_record
TN:
SF:src\app\api\proposals\[id]\pdf\route.ts
FN:10,GET
FN:227,drawEmployeeTable
FN:279,(anonymous_6)
FN:281,(anonymous_7)
FN:295,(anonymous_8)
FNF:5
FNH:0
FNDA:0,GET
FNDA:0,drawEmployeeTable
FNDA:0,(anonymous_6)
FNDA:0,(anonymous_7)
FNDA:0,(anonymous_8)
DA:1,0
DA:2,0
DA:3,0
DA:4,0
DA:5,0
DA:7,0
DA:10,0
DA:14,0
DA:15,0
DA:16,0
DA:19,0
DA:25,0
DA:26,0
DA:33,0
DA:39,0
DA:42,0
DA:43,0
DA:44,0
DA:47,0
DA:48,0
DA:49,0
DA:50,0
DA:51,0
DA:52,0
DA:54,0
DA:58,0
DA:59,0
DA:60,0
DA:61,0
DA:64,0
DA:65,0
DA:66,0
DA:67,0
DA:70,0
DA:71,0
DA:73,0
DA:74,0
DA:75,0
DA:76,0
DA:77,0
DA:79,0
DA:83,0
DA:84,0
DA:85,0
DA:86,0
DA:93,0
DA:102,0
DA:109,0
DA:119,0
DA:127,0
DA:130,0
DA:131,0
DA:132,0
DA:133,0
DA:136,0
DA:137,0
DA:138,0
DA:139,0
DA:141,0
DA:142,0
DA:143,0
DA:144,0
DA:147,0
DA:148,0
DA:149,0
DA:151,0
DA:152,0
DA:153,0
DA:156,0
DA:157,0
DA:158,0
DA:160,0
DA:161,0
DA:162,0
DA:163,0
DA:165,0
DA:168,0
DA:169,0
DA:189,0
DA:190,0
DA:191,0
DA:202,0
DA:205,0
DA:211,0
DA:219,0
DA:220,0
DA:241,0
DA:244,0
DA:245,0
DA:258,0
DA:267,0
DA:279,0
DA:280,0
DA:281,0
DA:282,0
DA:292,0
DA:295,0
DA:297,0
DA:298,0
DA:307,0
DA:310,0
DA:311,0
DA:312,0
DA:313,0
DA:314,0
DA:315,0
DA:316,0
DA:317,0
DA:318,0
DA:320,0
DA:324,0
DA:326,0
DA:327,0
DA:333,0
DA:336,0
DA:345,0
DA:354,0
DA:363,0
LF:118
LH:0
BRDA:25,0,0,0
BRDA:25,0,1,0
BRDA:25,1,0,0
BRDA:25,1,1,0
BRDA:39,2,0,0
BRDA:39,2,1,0
BRDA:49,3,0,0
BRDA:49,3,1,0
BRDA:71,4,0,0
BRDA:71,4,1,0
BRDA:76,5,0,0
BRDA:76,5,1,0
BRDA:77,6,0,0
BRDA:77,6,1,0
BRDA:83,7,0,0
BRDA:83,7,1,0
BRDA:142,8,0,0
BRDA:142,8,1,0
BRDA:151,9,0,0
BRDA:151,9,1,0
BRDA:152,10,0,0
BRDA:152,10,1,0
BRDA:160,11,0,0
BRDA:160,11,1,0
BRDA:160,12,0,0
BRDA:160,12,1,0
BRDA:162,13,0,0
BRDA:162,13,1,0
BRDA:181,14,0,0
BRDA:181,14,1,0
BRDA:189,15,0,0
BRDA:189,15,1,0
BRDA:238,16,0,0
BRDA:239,17,0,0
BRDA:297,18,0,0
BRDA:297,18,1,0
BRDA:307,19,0,0
BRDA:307,19,1,0
BRDA:311,20,0,0
BRDA:311,20,1,0
BRDA:312,21,0,0
BRDA:312,21,1,0
BRDA:314,22,0,0
BRDA:314,22,1,0
BRDA:324,23,0,0
BRDA:324,23,1,0
BRDA:324,24,0,0
BRDA:324,24,1,0
BRF:48
BRH:0
end_of_record
TN:
SF:src\app\api\proposals\generate\route.ts
FN:9,POST
FN:73,(anonymous_7)
FN:76,(anonymous_8)
FN:79,(anonymous_9)
FN:82,(anonymous_10)
FN:85,(anonymous_11)
FN:88,(anonymous_12)
FN:91,(anonymous_13)
FN:139,(anonymous_14)
FN:170,(anonymous_15)
FN:171,(anonymous_16)
FN:172,(anonymous_17)
FN:205,(anonymous_18)
FNF:13
FNH:0
FNDA:0,POST
FNDA:0,(anonymous_7)
FNDA:0,(anonymous_8)
FNDA:0,(anonymous_9)
FNDA:0,(anonymous_10)
FNDA:0,(anonymous_11)
FNDA:0,(anonymous_12)
FNDA:0,(anonymous_13)
FNDA:0,(anonymous_14)
FNDA:0,(anonymous_15)
FNDA:0,(anonymous_16)
FNDA:0,(anonymous_17)
FNDA:0,(anonymous_18)
DA:1,0
DA:2,0
DA:3,0
DA:4,0
DA:6,0
DA:9,0
DA:10,0
DA:11,0
DA:12,0
DA:13,0
DA:14,0
DA:15,0
DA:16,0
DA:17,0
DA:18,0
DA:19,0
DA:20,0
DA:21,0
DA:22,0
DA:23,0
DA:25,0
DA:26,0
DA:32,0
DA:33,0
DA:40,0
DA:41,0
DA:42,0
DA:43,0
DA:44,0
DA:47,0
DA:48,0
DA:49,0
DA:50,0
DA:51,0
DA:52,0
DA:53,0
DA:57,0
DA:58,0
DA:65,0
DA:66,0
DA:68,0
DA:69,0
DA:70,0
DA:73,0
DA:74,0
DA:76,0
DA:77,0
DA:79,0
DA:80,0
DA:82,0
DA:83,0
DA:85,0
DA:86,0
DA:88,0
DA:89,0
DA:91,0
DA:92,0
DA:95,0
DA:96,0
DA:98,0
DA:100,0
DA:101,0
DA:102,0
DA:103,0
DA:104,0
DA:105,0
DA:108,0
DA:114,0
DA:117,0
DA:118,0
DA:120,0
DA:131,0
DA:132,0
DA:139,0
DA:140,0
DA:141,0
DA:151,0
DA:160,0
DA:170,0
DA:171,0
DA:172,0
DA:175,0
DA:177,0
DA:202,0
DA:205,0
DA:220,0
DA:224,0
DA:226,0
DA:238,0
DA:239,0
LF:90
LH:0
BRDA:14,0,0,0
BRDA:14,0,1,0
BRDA:15,1,0,0
BRDA:15,1,1,0
BRDA:16,2,0,0
BRDA:16,2,1,0
BRDA:17,3,0,0
BRDA:17,3,1,0
BRDA:18,4,0,0
BRDA:18,4,1,0
BRDA:19,5,0,0
BRDA:19,5,1,0
BRDA:21,6,0,0
BRDA:21,6,1,0
BRDA:22,7,0,0
BRDA:22,7,1,0
BRDA:23,8,0,0
BRDA:23,8,1,0
BRDA:25,9,0,0
BRDA:25,9,1,0
BRDA:32,10,0,0
BRDA:32,10,1,0
BRDA:32,11,0,0
BRDA:32,11,1,0
BRDA:51,12,0,0
BRDA:51,12,1,0
BRDA:51,13,0,0
BRDA:51,13,1,0
BRDA:57,14,0,0
BRDA:57,14,1,0
BRDA:70,15,0,0
BRDA:70,15,1,0
BRDA:70,16,0,0
BRDA:70,16,1,0
BRDA:74,17,0,0
BRDA:74,17,1,0
BRDA:77,18,0,0
BRDA:77,18,1,0
BRDA:80,19,0,0
BRDA:80,19,1,0
BRDA:83,20,0,0
BRDA:83,20,1,0
BRDA:83,20,2,0
BRDA:86,21,0,0
BRDA:86,21,1,0
BRDA:86,21,2,0
BRDA:89,22,0,0
BRDA:89,22,1,0
BRDA:92,23,0,0
BRDA:92,23,1,0
BRDA:95,24,0,0
BRDA:95,24,1,0
BRDA:96,25,0,0
BRDA:96,25,1,0
BRDA:98,26,0,0
BRDA:98,26,1,0
BRDA:98,27,0,0
BRDA:98,27,1,0
BRDA:101,28,0,0
BRDA:101,28,1,0
BRDA:102,29,0,0
BRDA:102,29,1,0
BRDA:103,30,0,0
BRDA:103,30,1,0
BRDA:104,31,0,0
BRDA:104,31,1,0
BRDA:105,32,0,0
BRDA:105,32,1,0
BRDA:114,33,0,0
BRDA:114,33,1,0
BRDA:131,34,0,0
BRDA:131,34,1,0
BRDA:140,35,0,0
BRDA:140,35,1,0
BRDA:140,36,0,0
BRDA:140,36,1,0
BRDA:147,37,0,0
BRDA:147,37,1,0
BRDA:202,38,0,0
BRDA:202,38,1,0
BRDA:213,39,0,0
BRDA:213,39,1,0
BRDA:214,40,0,0
BRDA:214,40,1,0
BRDA:215,41,0,0
BRDA:215,41,1,0
BRDA:217,42,0,0
BRDA:217,42,1,0
BRDA:224,43,0,0
BRDA:224,43,1,0
BRF:90
BRH:0
end_of_record
TN:
SF:src\app\api\quickbooks\auth\route.ts
FN:12,GET
FN:32,POST
FN:43,(anonymous_6)
FNF:3
FNH:0
FNDA:0,GET
FNDA:0,POST
FNDA:0,(anonymous_6)
DA:4,0
DA:5,0
DA:6,0
DA:7,0
DA:9,0
DA:12,0
DA:13,0
DA:15,0
DA:16,0
DA:22,0
DA:24,0
DA:32,0
DA:33,0
DA:34,0
DA:36,0
DA:37,0
DA:43,0
DA:45,0
DA:46,0
DA:52,0
DA:54,0
DA:56,0
DA:57,0
DA:64,0
DA:70,0
DA:72,0
DA:84,0
DA:85,0
DA:89,0
DA:98,0
DA:99,0
DA:103,0
DA:109,0
DA:110,0
LF:34
LH:0
BRDA:15,0,0,0
BRDA:15,0,1,0
BRDA:15,1,0,0
BRDA:15,1,1,0
BRDA:36,2,0,0
BRDA:36,2,1,0
BRDA:36,3,0,0
BRDA:36,3,1,0
BRDA:45,4,0,0
BRDA:45,4,1,0
BRDA:45,5,0,0
BRDA:45,5,1,0
BRDA:56,6,0,0
BRDA:56,6,1,0
BRDA:70,7,0,0
BRDA:70,7,1,0
BRDA:84,8,0,0
BRDA:84,8,1,0
BRDA:98,9,0,0
BRDA:98,9,1,0
BRF:20
BRH:0
end_of_record
TN:
SF:src\app\api\quickbooks\import\route.ts
FN:14,GET
FN:115,POST
FNF:2
FNH:0
FNDA:0,GET
FNDA:0,POST
DA:1,0
DA:2,0
DA:8,0
DA:14,0
DA:15,0
DA:16,0
DA:17,0
DA:18,0
DA:19,0
DA:21,0
DA:24,0
DA:30,0
DA:31,0
DA:37,0
DA:46,0
DA:49,0
DA:50,0
DA:62,0
DA:64,0
DA:65,0
DA:68,0
DA:73,0
DA:76,0
DA:81,0
DA:84,0
DA:90,0
DA:91,0
DA:97,0
DA:104,0
DA:105,0
DA:115,0
DA:116,0
DA:117,0
DA:118,0
DA:120,0
DA:121,0
DA:127,0
DA:130,0
DA:136,0
DA:137,0
DA:143,0
DA:151,0
DA:153,0
DA:160,0
DA:161,0
DA:162,0
DA:165,0
DA:167,0
DA:168,0
DA:173,0
DA:179,0
LF:51
LH:0
BRDA:17,0,0,0
BRDA:17,0,1,0
BRDA:30,1,0,0
BRDA:30,1,1,0
BRDA:30,2,0,0
BRDA:30,2,1,0
BRDA:49,3,0,0
BRDA:49,3,1,0
BRDA:62,4,0,0
BRDA:62,4,1,0
BRDA:62,4,2,0
BRDA:62,4,3,0
BRDA:70,5,0,0
BRDA:70,5,1,0
BRDA:71,6,0,0
BRDA:71,6,1,0
BRDA:78,7,0,0
BRDA:78,7,1,0
BRDA:79,8,0,0
BRDA:79,8,1,0
BRDA:90,9,0,0
BRDA:90,9,1,0
BRDA:100,10,0,0
BRDA:100,10,1,0
BRDA:100,10,2,0
BRDA:100,10,3,0
BRDA:101,11,0,0
BRDA:101,11,1,0
BRDA:101,11,2,0
BRDA:101,11,3,0
BRDA:120,12,0,0
BRDA:120,12,1,0
BRDA:120,13,0,0
BRDA:120,13,1,0
BRDA:120,13,2,0
BRDA:136,14,0,0
BRDA:136,14,1,0
BRDA:160,15,0,0
BRDA:160,15,1,0
BRF:39
BRH:0
end_of_record
TN:
SF:src\app\api\quickbooks\sync-bidirectional\route.ts
FN:17,POST
FN:155,(anonymous_4)
FN:316,GET
FNF:3
FNH:2
FNDA:2,POST
FNDA:0,(anonymous_4)
FNDA:2,GET
DA:1,1
DA:2,1
DA:11,1
DA:17,2
DA:18,2
DA:19,2
DA:22,2
DA:23,2
DA:25,2
DA:26,1
DA:33,1
DA:39,1
DA:40,0
DA:47,1
DA:56,1
DA:59,1
DA:60,0
DA:70,0
DA:78,0
DA:84,0
DA:85,0
DA:86,0
DA:87,0
DA:95,0
DA:96,0
DA:104,0
DA:106,0
DA:109,0
DA:115,0
DA:127,0
DA:128,0
DA:129,0
DA:130,0
DA:132,0
DA:133,0
DA:136,0
DA:140,0
DA:145,0
DA:155,0
DA:166,0
DA:167,0
DA:176,0
DA:178,0
DA:183,0
DA:191,0
DA:194,0
DA:196,0
DA:202,0
DA:203,0
DA:204,0
DA:206,0
DA:212,0
DA:213,0
DA:217,0
DA:219,0
DA:220,0
DA:224,0
DA:230,0
DA:231,0
DA:235,0
DA:242,0
DA:244,0
DA:246,0
DA:258,0
DA:271,0
DA:274,0
DA:282,0
DA:299,0
DA:305,2
DA:306,2
DA:316,2
DA:317,2
DA:318,2
DA:321,2
DA:328,0
DA:335,0
DA:341,0
DA:346,0
DA:357,2
LF:79
LH:22
BRDA:25,0,0,1
BRDA:25,0,1,1
BRDA:25,1,0,2
BRDA:25,1,1,2
BRDA:39,2,0,0
BRDA:39,2,1,1
BRDA:39,3,0,1
BRDA:39,3,1,1
BRDA:59,4,0,0
BRDA:59,4,1,0
BRDA:84,5,0,0
BRDA:84,5,1,0
BRDA:84,6,0,0
BRDA:84,6,1,0
BRDA:95,7,0,0
BRDA:95,7,1,0
BRDA:95,8,0,0
BRDA:95,8,1,0
BRDA:127,9,0,0
BRDA:127,9,1,0
BRDA:127,10,0,0
BRDA:127,10,1,0
BRDA:130,11,0,0
BRDA:130,11,1,0
BRDA:132,12,0,0
BRDA:132,12,1,0
BRDA:155,13,0,0
BRDA:155,13,1,0
BRDA:166,14,0,0
BRDA:166,14,1,0
BRDA:166,15,0,0
BRDA:166,15,1,0
BRDA:202,16,0,0
BRDA:202,16,1,0
BRDA:202,17,0,0
BRDA:202,17,1,0
BRDA:212,18,0,0
BRDA:212,18,1,0
BRDA:219,19,0,0
BRDA:219,19,1,0
BRDA:230,20,0,0
BRDA:230,20,1,0
BRDA:242,21,0,0
BRDA:242,21,1,0
BRDA:244,22,0,0
BRDA:244,22,1,0
BRDA:251,23,0,0
BRDA:251,23,1,0
BRDA:252,24,0,0
BRDA:252,24,1,0
BRDA:349,25,0,0
BRDA:349,25,1,0
BRDA:351,26,0,0
BRDA:351,26,1,0
BRDA:352,27,0,0
BRDA:352,27,1,0
BRDA:354,28,0,0
BRDA:354,28,1,0
BRF:58
BRH:7
end_of_record
TN:
SF:src\app\api\quickbooks\sync-invoice\route.ts
FN:11,POST
FN:20,(anonymous_4)
FN:113,(anonymous_5)
FNF:3
FNH:0
FNDA:0,POST
FNDA:0,(anonymous_4)
FNDA:0,(anonymous_5)
DA:4,0
DA:5,0
DA:6,0
DA:7,0
DA:9,0
DA:11,0
DA:12,0
DA:13,0
DA:15,0
DA:16,0
DA:19,0
DA:20,0
DA:22,0
DA:23,0
DA:26,0
DA:28,0
DA:34,0
DA:35,0
DA:42,0
DA:51,0
DA:52,0
DA:55,0
DA:64,0
DA:71,0
DA:73,0
DA:75,0
DA:81,0
DA:82,0
DA:85,0
DA:88,0
DA:98,0
DA:104,0
DA:105,0
DA:106,0
DA:108,0
DA:113,0
DA:124,0
DA:126,0
DA:127,0
DA:131,0
DA:140,0
DA:141,0
DA:151,0
DA:159,0
DA:162,0
DA:171,0
LF:46
LH:0
BRDA:15,0,0,0
BRDA:15,0,1,0
BRDA:22,1,0,0
BRDA:22,1,1,0
BRDA:34,2,0,0
BRDA:34,2,1,0
BRDA:51,3,0,0
BRDA:51,3,1,0
BRDA:73,4,0,0
BRDA:73,4,1,0
BRDA:81,5,0,0
BRDA:81,5,1,0
BRDA:113,6,0,0
BRDA:113,6,1,0
BRDA:126,7,0,0
BRDA:126,7,1,0
BRF:16
BRH:0
end_of_record
TN:
SF:src\app\api\reports\billing\[period]\route.ts
FN:20,GET
FN:51,(anonymous_4)
FNF:2
FNH:1
FNDA:17,GET
FNDA:0,(anonymous_4)
DA:2,1
DA:4,1
DA:5,1
DA:20,17
DA:24,17
DA:25,17
DA:28,17
DA:46,17
DA:47,0
DA:51,17
DA:52,0
DA:53,0
DA:54,0
DA:55,0
DA:57,0
DA:71,17
LF:16
LH:10
BRDA:46,0,0,0
BRDA:46,0,1,17
BRDA:51,1,0,17
BRDA:51,1,1,17
BRDA:52,2,0,0
BRDA:52,2,1,0
BRDA:53,3,0,0
BRDA:53,3,1,0
BRDA:54,4,0,0
BRDA:54,4,1,0
BRDA:55,5,0,0
BRDA:55,5,1,0
BRDA:59,6,0,0
BRDA:59,6,1,0
BRDA:60,7,0,0
BRDA:60,7,1,0
BRF:16
BRH:3
end_of_record
TN:
SF:src\app\api\reports\billing\[period]\pdf\route.ts
FN:18,GET
FN:44,(anonymous_4)
FN:45,(anonymous_5)
FN:56,(anonymous_6)
FN:64,(anonymous_7)
FN:65,(anonymous_8)
FNF:6
FNH:0
FNDA:0,GET
FNDA:0,(anonymous_4)
FNDA:0,(anonymous_5)
FNDA:0,(anonymous_6)
FNDA:0,(anonymous_7)
FNDA:0,(anonymous_8)
DA:2,0
DA:4,0
DA:5,0
DA:6,0
DA:18,0
DA:22,0
DA:23,0
DA:25,0
DA:31,0
DA:32,0
DA:35,0
DA:37,0
DA:38,0
DA:39,0
DA:44,0
DA:45,0
DA:47,0
DA:56,0
DA:64,0
DA:65,0
DA:68,0
DA:70,0
DA:71,0
LF:23
LH:0
BRDA:31,0,0,0
BRDA:31,0,1,0
BRDA:35,1,0,0
BRDA:35,1,1,0
BRDA:57,2,0,0
BRDA:57,2,1,0
BRDA:59,3,0,0
BRDA:59,3,1,0
BRDA:60,4,0,0
BRDA:60,4,1,0
BRDA:61,5,0,0
BRDA:61,5,1,0
BRDA:64,6,0,0
BRDA:64,6,1,0
BRF:14
BRH:0
end_of_record
TN:
SF:src\app\api\reports\company\[id]\employees\route.ts
FN:8,GET
FN:56,(anonymous_4)
FNF:2
FNH:0
FNDA:0,GET
FNDA:0,(anonymous_4)
DA:2,0
DA:4,0
DA:5,0
DA:6,0
DA:8,0
DA:12,0
DA:13,0
DA:16,0
DA:21,0
DA:22,0
DA:26,0
DA:32,0
DA:34,0
DA:37,0
DA:38,0
DA:44,0
DA:54,0
DA:56,0
DA:66,0
DA:67,0
DA:70,0
DA:71,0
DA:72,0
DA:73,0
DA:74,0
DA:78,0
DA:82,0
DA:83,0
DA:84,0
DA:87,0
DA:88,0
LF:31
LH:0
BRDA:21,0,0,0
BRDA:21,0,1,0
BRDA:21,1,0,0
BRDA:21,1,1,0
BRDA:22,2,0,0
BRDA:22,2,1,0
BRDA:32,3,0,0
BRDA:32,3,1,0
BRDA:56,4,0,0
BRDA:56,4,1,0
BRDA:58,5,0,0
BRDA:58,5,1,0
BRDA:59,6,0,0
BRDA:59,6,1,0
BRDA:59,6,2,0
BRDA:59,7,0,0
BRDA:59,7,1,0
BRDA:60,8,0,0
BRDA:60,8,1,0
BRDA:61,9,0,0
BRDA:61,9,1,0
BRDA:62,10,0,0
BRDA:62,10,1,0
BRDA:63,11,0,0
BRDA:63,11,1,0
BRDA:72,12,0,0
BRDA:72,12,1,0
BRDA:83,13,0,0
BRDA:83,13,1,0
BRF:29
BRH:0
end_of_record
TN:
SF:src\app\api\reports\employees\route.ts
FN:5,GET
FN:32,(anonymous_2)
FN:42,(anonymous_3)
FNF:3
FNH:0
FNDA:0,GET
FNDA:0,(anonymous_2)
FNDA:0,(anonymous_3)
DA:2,0
DA:3,0
DA:5,0
DA:6,0
DA:7,0
DA:8,0
DA:10,0
DA:13,0
DA:15,0
DA:16,0
DA:18,0
DA:24,0
DA:26,0
DA:29,0
DA:31,0
DA:32,0
DA:35,0
DA:36,0
DA:37,0
DA:38,0
DA:39,0
DA:42,0
DA:43,0
DA:44,0
DA:57,0
LF:25
LH:0
BRDA:13,0,0,0
BRDA:13,0,1,0
BRDA:16,1,0,0
BRDA:16,1,1,0
BRDA:24,2,0,0
BRDA:24,2,1,0
BRDA:29,3,0,0
BRDA:29,3,1,0
BRDA:32,4,0,0
BRDA:32,4,1,0
BRDA:32,5,0,0
BRDA:32,5,1,0
BRDA:36,6,0,0
BRDA:36,6,1,0
BRDA:38,7,0,0
BRDA:38,7,1,0
BRDA:39,8,0,0
BRDA:39,8,1,0
BRDA:42,9,0,0
BRDA:42,9,1,0
BRDA:43,10,0,0
BRDA:43,10,1,0
BRDA:46,11,0,0
BRDA:46,11,1,0
BRDA:51,12,0,0
BRDA:51,12,1,0
BRF:26
BRH:0
end_of_record
TN:
SF:src\app\api\reports\employees.csv\route.ts
FN:6,GET
FN:10,(anonymous_4)
FN:49,(anonymous_5)
FN:55,(anonymous_6)
FNF:4
FNH:0
FNDA:0,GET
FNDA:0,(anonymous_4)
FNDA:0,(anonymous_5)
FNDA:0,(anonymous_6)
DA:2,0
DA:4,0
DA:6,0
DA:7,0
DA:9,0
DA:11,0
DA:12,0
DA:15,0
DA:16,0
DA:19,0
DA:21,0
DA:22,0
DA:35,0
DA:37,0
DA:49,0
DA:50,0
DA:53,0
DA:56,0
DA:73,0
LF:19
LH:0
BRDA:9,0,0,0
BRDA:9,0,1,0
BRDA:15,1,0,0
BRDA:15,1,1,0
BRDA:21,2,0,0
BRDA:21,2,1,0
BRDA:22,3,0,0
BRDA:22,3,1,0
BRDA:35,4,0,0
BRDA:35,4,1,0
BRDA:50,5,0,0
BRDA:50,5,1,0
BRDA:61,6,0,0
BRDA:61,6,1,0
BRDA:62,7,0,0
BRDA:62,7,1,0
BRDA:63,8,0,0
BRDA:63,8,1,0
BRF:18
BRH:0
end_of_record
TN:
SF:src\app\api\reports\excel\route.ts
FN:8,GET
FN:11,(anonymous_5)
FN:45,(anonymous_6)
FN:108,(anonymous_7)
FNF:4
FNH:0
FNDA:0,GET
FNDA:0,(anonymous_5)
FNDA:0,(anonymous_6)
FNDA:0,(anonymous_7)
DA:2,0
DA:3,0
DA:4,0
DA:5,0
DA:6,0
DA:8,0
DA:9,0
DA:10,0
DA:11,0
DA:12,0
DA:13,0
DA:16,0
DA:17,0
DA:19,0
DA:21,0
DA:28,0
DA:34,0
DA:40,0
DA:44,0
DA:45,0
DA:48,0
DA:49,0
DA:50,0
DA:63,0
DA:64,0
DA:65,0
DA:66,0
DA:67,0
DA:68,0
DA:69,0
DA:73,0
DA:74,0
DA:75,0
DA:77,0
DA:78,0
DA:79,0
DA:81,0
DA:82,0
DA:84,0
DA:85,0
DA:88,0
DA:89,0
DA:90,0
DA:91,0
DA:92,0
DA:95,0
DA:108,0
DA:109,0
DA:110,0
DA:111,0
DA:125,0
DA:128,0
DA:129,0
DA:132,0
DA:133,0
DA:136,0
DA:139,0
DA:146,0
DA:147,0
LF:59
LH:0
BRDA:11,0,0,0
BRDA:11,0,1,0
BRDA:17,1,0,0
BRDA:17,1,1,0
BRDA:45,2,0,0
BRDA:45,2,1,0
BRDA:45,3,0,0
BRDA:45,3,1,0
BRDA:49,4,0,0
BRDA:49,4,1,0
BRDA:64,5,0,0
BRDA:64,5,1,0
BRDA:66,6,0,0
BRDA:66,6,1,0
BRDA:67,7,0,0
BRDA:67,7,1,0
BRDA:68,8,0,0
BRDA:68,8,1,0
BRDA:75,9,0,0
BRDA:75,9,1,0
BRDA:77,10,0,0
BRDA:77,10,1,0
BRDA:79,11,0,0
BRDA:79,11,1,0
BRDA:81,12,0,0
BRDA:81,12,1,0
BRDA:84,13,0,0
BRDA:84,13,1,0
BRDA:88,14,0,0
BRDA:88,14,1,0
BRDA:89,15,0,0
BRDA:89,15,1,0
BRDA:89,16,0,0
BRDA:89,16,1,0
BRDA:90,17,0,0
BRDA:90,17,1,0
BRDA:90,18,0,0
BRDA:90,18,1,0
BRDA:96,19,0,0
BRDA:96,19,1,0
BRDA:99,20,0,0
BRDA:99,20,1,0
BRDA:101,21,0,0
BRDA:101,21,1,0
BRDA:113,22,0,0
BRDA:113,22,1,0
BRDA:114,23,0,0
BRDA:114,23,1,0
BRF:48
BRH:0
end_of_record
TN:
SF:src\app\api\reports\generate\route.ts
FN:12,POST
FN:21,(anonymous_4)
FN:82,(anonymous_5)
FN:128,generateBillingSummary
FN:172,generateEmployeeEnrollment
FN:199,(anonymous_8)
FN:219,generateCompanyPerformance
FN:236,(anonymous_10)
FN:245,(anonymous_11)
FN:249,(anonymous_12)
FN:286,generateTaxSavings
FN:328,generateProfitAnalysis
FN:368,getCurrentPeriod
FNF:13
FNH:0
FNDA:0,POST
FNDA:0,(anonymous_4)
FNDA:0,(anonymous_5)
FNDA:0,generateBillingSummary
FNDA:0,generateEmployeeEnrollment
FNDA:0,(anonymous_8)
FNDA:0,generateCompanyPerformance
FNDA:0,(anonymous_10)
FNDA:0,(anonymous_11)
FNDA:0,(anonymous_12)
FNDA:0,generateTaxSavings
FNDA:0,generateProfitAnalysis
FNDA:0,getCurrentPeriod
DA:4,0
DA:5,0
DA:6,0
DA:7,0
DA:10,0
DA:12,0
DA:13,0
DA:14,0
DA:16,0
DA:17,0
DA:20,0
DA:21,0
DA:23,0
DA:24,0
DA:28,0
DA:34,0
DA:35,0
DA:38,0
DA:39,0
DA:40,0
DA:43,0
DA:45,0
DA:46,0
DA:48,0
DA:49,0
DA:51,0
DA:52,0
DA:54,0
DA:55,0
DA:57,0
DA:58,0
DA:60,0
DA:66,0
DA:69,0
DA:81,0
DA:82,0
DA:83,0
DA:84,0
DA:85,0
DA:86,0
DA:90,0
DA:104,0
DA:107,0
DA:117,0
DA:129,0
DA:131,0
DA:136,0
DA:138,0
DA:139,0
DA:145,0
DA:152,0
DA:153,0
DA:154,0
DA:155,0
DA:157,0
DA:169,0
DA:173,0
DA:175,0
DA:177,0
DA:178,0
DA:181,0
DA:183,0
DA:185,0
DA:186,0
DA:192,0
DA:197,0
DA:198,0
DA:199,0
DA:204,0
DA:206,0
DA:216,0
DA:220,0
DA:225,0
DA:227,0
DA:228,0
DA:234,0
DA:236,0
DA:238,0
DA:245,0
DA:246,0
DA:248,0
DA:249,0
DA:252,0
DA:255,0
DA:261,0
DA:262,0
DA:263,0
DA:266,0
DA:269,0
DA:270,0
DA:272,0
DA:283,0
DA:287,0
DA:289,0
DA:294,0
DA:296,0
DA:297,0
DA:303,0
DA:304,0
DA:305,0
DA:308,0
DA:310,0
DA:311,0
DA:313,0
DA:325,0
DA:329,0
DA:331,0
DA:336,0
DA:337,0
DA:338,0
DA:339,0
DA:340,0
DA:342,0
DA:343,0
DA:344,0
DA:345,0
DA:346,0
DA:349,0
DA:350,0
DA:351,0
DA:353,0
DA:369,0
DA:370,0
DA:371,0
DA:372,0
LF:125
LH:0
BRDA:16,0,0,0
BRDA:16,0,1,0
BRDA:23,1,0,0
BRDA:23,1,1,0
BRDA:34,2,0,0
BRDA:34,2,1,0
BRDA:34,3,0,0
BRDA:34,3,1,0
BRDA:43,4,0,0
BRDA:43,4,1,0
BRDA:43,4,2,0
BRDA:43,4,3,0
BRDA:43,4,4,0
BRDA:43,4,5,0
BRDA:73,5,0,0
BRDA:73,5,1,0
BRDA:81,6,0,0
BRDA:81,6,1,0
BRDA:85,7,0,0
BRDA:85,7,1,0
BRDA:85,8,0,0
BRDA:85,8,1,0
BRDA:86,9,0,0
BRDA:86,9,1,0
BRDA:111,10,0,0
BRDA:111,10,1,0
BRDA:129,11,0,0
BRDA:129,11,1,0
BRDA:138,12,0,0
BRDA:138,12,1,0
BRDA:152,13,0,0
BRDA:152,13,1,0
BRDA:153,14,0,0
BRDA:153,14,1,0
BRDA:154,15,0,0
BRDA:154,15,1,0
BRDA:154,16,0,0
BRDA:154,16,1,0
BRDA:158,17,0,0
BRDA:158,17,1,0
BRDA:160,18,0,0
BRDA:160,18,1,0
BRDA:161,19,0,0
BRDA:161,19,1,0
BRDA:177,20,0,0
BRDA:177,20,1,0
BRDA:185,21,0,0
BRDA:185,21,1,0
BRDA:197,22,0,0
BRDA:197,22,1,0
BRDA:198,23,0,0
BRDA:198,23,1,0
BRDA:199,24,0,0
BRDA:199,24,1,0
BRDA:207,25,0,0
BRDA:207,25,1,0
BRDA:209,26,0,0
BRDA:209,26,1,0
BRDA:227,27,0,0
BRDA:227,27,1,0
BRDA:234,28,0,0
BRDA:234,28,1,0
BRDA:236,29,0,0
BRDA:236,29,1,0
BRDA:238,30,0,0
BRDA:238,30,1,0
BRDA:245,31,0,0
BRDA:245,31,1,0
BRDA:246,32,0,0
BRDA:246,32,1,0
BRDA:248,33,0,0
BRDA:248,33,1,0
BRDA:249,34,0,0
BRDA:249,34,1,0
BRDA:252,35,0,0
BRDA:252,35,1,0
BRDA:261,36,0,0
BRDA:261,36,1,0
BRDA:287,37,0,0
BRDA:287,37,1,0
BRDA:296,38,0,0
BRDA:296,38,1,0
BRDA:303,39,0,0
BRDA:303,39,1,0
BRDA:304,40,0,0
BRDA:304,40,1,0
BRDA:305,41,0,0
BRDA:305,41,1,0
BRDA:311,42,0,0
BRDA:311,42,1,0
BRDA:314,43,0,0
BRDA:314,43,1,0
BRDA:329,44,0,0
BRDA:329,44,1,0
BRDA:336,45,0,0
BRDA:336,45,1,0
BRDA:342,46,0,0
BRDA:342,46,1,0
BRDA:343,47,0,0
BRDA:343,47,1,0
BRDA:344,48,0,0
BRDA:344,48,1,0
BRDA:345,49,0,0
BRDA:345,49,1,0
BRDA:346,50,0,0
BRDA:346,50,1,0
BRDA:350,51,0,0
BRDA:350,51,1,0
BRDA:351,52,0,0
BRDA:351,52,1,0
BRF:110
BRH:0
end_of_record
TN:
SF:src\app\api\reports\history\route.ts
FN:11,GET
FNF:1
FNH:0
FNDA:0,GET
DA:4,0
DA:5,0
DA:6,0
DA:8,0
DA:11,0
DA:12,0
DA:13,0
DA:15,0
DA:16,0
DA:19,0
DA:20,0
DA:21,0
DA:22,0
DA:23,0
DA:25,0
DA:35,0
DA:36,0
DA:39,0
DA:40,0
DA:43,0
DA:45,0
DA:46,0
DA:50,0
DA:54,0
LF:24
LH:0
BRDA:15,0,0,0
BRDA:15,0,1,0
BRDA:20,1,0,0
BRDA:20,1,1,0
BRDA:21,2,0,0
BRDA:21,2,1,0
BRDA:35,3,0,0
BRDA:35,3,1,0
BRDA:39,4,0,0
BRDA:39,4,1,0
BRDA:45,5,0,0
BRDA:45,5,1,0
BRDA:56,6,0,0
BRDA:56,6,1,0
BRDA:57,7,0,0
BRDA:57,7,1,0
BRF:16
BRH:0
end_of_record
TN:
SF:src\app\api\reports\pdf\route.ts
FN:12,GET
FN:15,(anonymous_5)
FN:49,(anonymous_6)
FN:94,(anonymous_7)
FN:137,(anonymous_8)
FN:140,(anonymous_9)
FN:143,(anonymous_10)
FN:190,(anonymous_11)
FNF:8
FNH:0
FNDA:0,GET
FNDA:0,(anonymous_5)
FNDA:0,(anonymous_6)
FNDA:0,(anonymous_7)
FNDA:0,(anonymous_8)
FNDA:0,(anonymous_9)
FNDA:0,(anonymous_10)
FNDA:0,(anonymous_11)
DA:3,0
DA:4,0
DA:5,0
DA:6,0
DA:7,0
DA:8,0
DA:10,0
DA:12,0
DA:13,0
DA:14,0
DA:15,0
DA:16,0
DA:17,0
DA:20,0
DA:21,0
DA:23,0
DA:25,0
DA:32,0
DA:38,0
DA:44,0
DA:48,0
DA:49,0
DA:52,0
DA:53,0
DA:54,0
DA:67,0
DA:68,0
DA:69,0
DA:70,0
DA:71,0
DA:72,0
DA:73,0
DA:76,0
DA:77,0
DA:78,0
DA:79,0
DA:81,0
DA:82,0
DA:83,0
DA:86,0
DA:87,0
DA:88,0
DA:89,0
DA:90,0
DA:94,0
DA:95,0
DA:96,0
DA:97,0
DA:111,0
DA:112,0
DA:113,0
DA:116,0
DA:117,0
DA:118,0
DA:119,0
DA:120,0
DA:121,0
DA:123,0
DA:127,0
DA:128,0
DA:131,0
DA:132,0
DA:133,0
DA:135,0
DA:137,0
DA:138,0
DA:140,0
DA:143,0
DA:144,0
DA:145,0
DA:146,0
DA:147,0
DA:154,0
DA:161,0
DA:164,0
DA:165,0
DA:166,0
DA:167,0
DA:170,0
DA:171,0
DA:172,0
DA:173,0
DA:176,0
DA:178,0
DA:187,0
DA:188,0
DA:190,0
DA:192,0
DA:193,0
DA:194,0
DA:195,0
DA:196,0
DA:197,0
DA:198,0
DA:200,0
DA:201,0
DA:202,0
DA:203,0
DA:204,0
DA:205,0
DA:206,0
DA:207,0
DA:211,0
DA:212,0
DA:213,0
DA:215,0
DA:222,0
DA:223,0
LF:108
LH:0
BRDA:15,0,0,0
BRDA:15,0,1,0
BRDA:21,1,0,0
BRDA:21,1,1,0
BRDA:49,2,0,0
BRDA:49,2,1,0
BRDA:49,3,0,0
BRDA:49,3,1,0
BRDA:53,4,0,0
BRDA:53,4,1,0
BRDA:68,5,0,0
BRDA:68,5,1,0
BRDA:70,6,0,0
BRDA:70,6,1,0
BRDA:71,7,0,0
BRDA:71,7,1,0
BRDA:72,8,0,0
BRDA:72,8,1,0
BRDA:76,9,0,0
BRDA:76,9,1,0
BRDA:78,10,0,0
BRDA:78,10,1,0
BRDA:81,11,0,0
BRDA:81,11,1,0
BRDA:86,12,0,0
BRDA:86,12,1,0
BRDA:87,13,0,0
BRDA:87,13,1,0
BRDA:87,14,0,0
BRDA:87,14,1,0
BRDA:88,15,0,0
BRDA:88,15,1,0
BRDA:88,16,0,0
BRDA:88,16,1,0
BRDA:118,17,0,0
BRDA:118,17,1,0
BRDA:137,18,0,0
BRDA:137,19,0,0
BRDA:137,20,0,0
BRDA:137,21,0,0
BRDA:138,22,0,0
BRDA:138,22,1,0
BRDA:140,23,0,0
BRDA:144,24,0,0
BRDA:144,24,1,0
BRDA:193,25,0,0
BRDA:193,25,1,0
BRDA:201,26,0,0
BRDA:201,26,1,0
BRDA:202,27,0,0
BRDA:202,27,1,0
BRF:51
BRH:0
end_of_record
TN:
SF:src\app\api\reports\scheduled\route.ts
FN:11,GET
FN:30,POST
FN:42,(anonymous_8)
FN:96,PUT
FN:107,(anonymous_10)
FN:128,DELETE
FNF:6
FNH:0
FNDA:0,GET
FNDA:0,POST
FNDA:0,(anonymous_8)
FNDA:0,PUT
FNDA:0,(anonymous_10)
FNDA:0,DELETE
DA:4,0
DA:5,0
DA:6,0
DA:8,0
DA:11,0
DA:12,0
DA:14,0
DA:22,0
DA:23,0
DA:26,0
DA:30,0
DA:31,0
DA:32,0
DA:34,0
DA:35,0
DA:42,0
DA:44,0
DA:45,0
DA:55,0
DA:56,0
DA:62,0
DA:66,0
DA:72,0
DA:88,0
DA:89,0
DA:92,0
DA:96,0
DA:97,0
DA:98,0
DA:100,0
DA:101,0
DA:107,0
DA:109,0
DA:110,0
DA:113,0
DA:120,0
DA:121,0
DA:124,0
DA:128,0
DA:129,0
DA:130,0
DA:132,0
DA:133,0
DA:139,0
DA:140,0
DA:142,0
DA:143,0
DA:146,0
DA:148,0
DA:149,0
DA:152,0
LF:51
LH:0
BRDA:22,0,0,0
BRDA:22,0,1,0
BRDA:26,1,0,0
BRDA:26,1,1,0
BRDA:34,2,0,0
BRDA:34,2,1,0
BRDA:34,3,0,0
BRDA:34,3,1,0
BRDA:44,4,0,0
BRDA:44,4,1,0
BRDA:44,5,0,0
BRDA:44,5,1,0
BRDA:44,5,2,0
BRDA:44,5,3,0
BRDA:44,5,4,0
BRDA:55,6,0,0
BRDA:55,6,1,0
BRDA:55,7,0,0
BRDA:55,7,1,0
BRDA:55,7,2,0
BRDA:55,7,3,0
BRDA:62,8,0,0
BRDA:62,8,1,0
BRDA:63,9,0,0
BRDA:63,9,1,0
BRDA:63,9,2,0
BRDA:63,9,3,0
BRDA:63,9,4,0
BRDA:81,10,0,0
BRDA:81,10,1,0
BRDA:82,11,0,0
BRDA:82,11,1,0
BRDA:88,12,0,0
BRDA:88,12,1,0
BRDA:100,13,0,0
BRDA:100,13,1,0
BRDA:100,14,0,0
BRDA:100,14,1,0
BRDA:109,15,0,0
BRDA:109,15,1,0
BRDA:120,16,0,0
BRDA:120,16,1,0
BRDA:132,17,0,0
BRDA:132,17,1,0
BRDA:132,18,0,0
BRDA:132,18,1,0
BRDA:142,19,0,0
BRDA:142,19,1,0
BRDA:148,20,0,0
BRDA:148,20,1,0
BRF:50
BRH:0
end_of_record
TN:
SF:src\app\api\reports\summary\route.ts
FN:7,GET
FN:48,(anonymous_2)
FN:105,(anonymous_3)
FNF:3
FNH:1
FNDA:8,GET
FNDA:0,(anonymous_2)
FNDA:0,(anonymous_3)
DA:2,1
DA:3,1
DA:4,1
DA:5,1
DA:7,8
DA:8,8
DA:9,8
DA:10,8
DA:13,8
DA:14,8
DA:15,8
DA:18,8
DA:23,8
DA:24,0
DA:28,8
DA:32,8
DA:35,8
DA:39,8
DA:42,8
DA:45,8
DA:47,8
DA:48,8
DA:62,8
DA:64,8
DA:65,0
DA:78,8
DA:79,8
DA:80,0
DA:81,0
DA:82,0
DA:83,0
DA:84,0
DA:87,8
DA:88,0
DA:89,0
DA:90,0
DA:92,0
DA:93,0
DA:94,0
DA:97,0
DA:98,0
DA:99,0
DA:100,0
DA:101,0
DA:105,8
DA:106,0
DA:107,0
DA:110,0
DA:120,8
LF:49
LH:28
BRDA:14,0,0,8
BRDA:14,0,1,8
BRDA:15,1,0,8
BRDA:15,1,1,8
BRDA:23,2,0,0
BRDA:23,2,1,8
BRDA:23,3,0,8
BRDA:23,3,1,8
BRDA:32,4,0,0
BRDA:32,4,1,8
BRDA:39,5,0,0
BRDA:39,5,1,8
BRDA:45,6,0,0
BRDA:45,6,1,8
BRDA:48,7,0,0
BRDA:48,7,1,0
BRDA:48,8,0,0
BRDA:48,8,1,0
BRDA:64,9,0,8
BRDA:64,9,1,8
BRDA:79,10,0,8
BRDA:79,10,1,8
BRDA:81,11,0,0
BRDA:81,11,1,0
BRDA:82,12,0,0
BRDA:82,12,1,0
BRDA:83,13,0,0
BRDA:83,13,1,0
BRDA:87,14,0,8
BRDA:87,14,1,8
BRDA:89,15,0,0
BRDA:89,15,1,0
BRDA:92,16,0,0
BRDA:92,16,1,0
BRDA:97,17,0,0
BRDA:97,17,1,0
BRF:36
BRH:16
end_of_record
TN:
SF:src\app\api\reports\summary.csv\route.ts
FN:6,GET
FN:10,(anonymous_4)
FN:53,(anonymous_5)
FN:59,(anonymous_6)
FNF:4
FNH:0
FNDA:0,GET
FNDA:0,(anonymous_4)
FNDA:0,(anonymous_5)
FNDA:0,(anonymous_6)
DA:2,0
DA:4,0
DA:6,0
DA:7,0
DA:9,0
DA:11,0
DA:12,0
DA:15,0
DA:16,0
DA:19,0
DA:21,0
DA:22,0
DA:37,0
DA:39,0
DA:53,0
DA:54,0
DA:57,0
DA:60,0
DA:79,0
LF:19
LH:0
BRDA:9,0,0,0
BRDA:9,0,1,0
BRDA:15,1,0,0
BRDA:15,1,1,0
BRDA:21,2,0,0
BRDA:21,2,1,0
BRDA:22,3,0,0
BRDA:22,3,1,0
BRDA:37,4,0,0
BRDA:37,4,1,0
BRDA:54,5,0,0
BRDA:54,5,1,0
BRDA:63,6,0,0
BRDA:63,6,1,0
BRDA:64,7,0,0
BRDA:64,7,1,0
BRDA:65,8,0,0
BRDA:65,8,1,0
BRF:18
BRH:0
end_of_record
TN:
SF:src\app\api\reports\templates\route.ts
FN:11,GET
FN:27,POST
FN:36,(anonymous_7)
FN:69,DELETE
FNF:4
FNH:0
FNDA:0,GET
FNDA:0,POST
FNDA:0,(anonymous_7)
FNDA:0,DELETE
DA:4,0
DA:5,0
DA:6,0
DA:8,0
DA:11,0
DA:12,0
DA:14,0
DA:19,0
DA:20,0
DA:23,0
DA:27,0
DA:28,0
DA:29,0
DA:31,0
DA:32,0
DA:36,0
DA:38,0
DA:39,0
DA:45,0
DA:61,0
DA:62,0
DA:65,0
DA:69,0
DA:70,0
DA:71,0
DA:73,0
DA:74,0
DA:77,0
DA:78,0
DA:80,0
DA:81,0
DA:84,0
DA:86,0
DA:87,0
DA:90,0
LF:35
LH:0
BRDA:19,0,0,0
BRDA:19,0,1,0
BRDA:23,1,0,0
BRDA:23,1,1,0
BRDA:31,2,0,0
BRDA:31,2,1,0
BRDA:38,3,0,0
BRDA:38,3,1,0
BRDA:38,4,0,0
BRDA:38,4,1,0
BRDA:38,4,2,0
BRDA:51,5,0,0
BRDA:51,5,1,0
BRDA:54,6,0,0
BRDA:54,6,1,0
BRDA:55,7,0,0
BRDA:55,7,1,0
BRDA:61,8,0,0
BRDA:61,8,1,0
BRDA:73,9,0,0
BRDA:73,9,1,0
BRDA:73,10,0,0
BRDA:73,10,1,0
BRDA:80,11,0,0
BRDA:80,11,1,0
BRDA:86,12,0,0
BRDA:86,12,1,0
BRF:27
BRH:0
end_of_record
TN:
SF:src\app\api\tax-rates\route.ts
FN:5,GET
FN:34,PATCH
FN:94,DELETE
FNF:3
FNH:2
FNDA:6,GET
FNDA:5,PATCH
FNDA:0,DELETE
DA:2,1
DA:3,1
DA:5,6
DA:6,6
DA:7,6
DA:8,6
DA:10,6
DA:12,6
DA:17,6
DA:18,0
DA:21,6
DA:22,0
DA:25,6
DA:27,6
DA:28,0
DA:31,6
DA:34,5
DA:35,5
DA:36,5
DA:37,5
DA:39,5
DA:40,5
DA:46,0
DA:49,0
DA:56,0
DA:58,0
DA:66,0
DA:67,0
DA:70,0
DA:73,0
DA:83,0
DA:84,0
DA:87,0
DA:90,5
DA:94,0
DA:95,0
DA:96,0
DA:97,0
DA:98,0
DA:100,0
DA:101,0
DA:107,0
DA:109,0
DA:115,0
DA:116,0
DA:119,0
DA:121,0
LF:47
LH:20
BRDA:17,0,0,0
BRDA:17,0,1,6
BRDA:21,1,0,0
BRDA:21,1,1,6
BRDA:27,2,0,0
BRDA:27,2,1,6
BRDA:39,3,0,5
BRDA:39,3,1,0
BRDA:39,4,0,5
BRDA:39,4,1,0
BRDA:56,5,0,0
BRDA:56,5,1,0
BRDA:66,6,0,0
BRDA:66,6,1,0
BRDA:83,7,0,0
BRDA:83,7,1,0
BRDA:100,8,0,0
BRDA:100,8,1,0
BRDA:100,9,0,0
BRDA:100,9,1,0
BRDA:115,10,0,0
BRDA:115,10,1,0
BRF:22
BRH:5
end_of_record
TN:
SF:src\app\api\users\route.ts
FN:6,GET
FN:21,POST
FN:52,PATCH
FN:91,DELETE
FNF:4
FNH:4
FNDA:7,GET
FNDA:11,POST
FNDA:6,PATCH
FNDA:5,DELETE
DA:2,1
DA:3,1
DA:4,1
DA:6,7
DA:7,7
DA:9,7
DA:14,7
DA:15,0
DA:18,7
DA:21,11
DA:22,11
DA:23,11
DA:24,10
DA:27,10
DA:29,9
DA:42,9
DA:43,1
DA:46,8
DA:48,11
DA:52,6
DA:53,6
DA:54,6
DA:55,6
DA:57,6
DA:58,0
DA:64,6
DA:67,6
DA:68,0
DA:71,6
DA:81,5
DA:82,0
DA:85,5
DA:87,6
DA:91,5
DA:92,5
DA:93,5
DA:94,5
DA:96,5
DA:97,0
DA:103,5
DA:106,5
DA:112,5
DA:113,0
DA:119,5
DA:121,5
DA:122,0
DA:125,5
DA:127,5
LF:48
LH:41
BRDA:14,0,0,0
BRDA:14,0,1,7
BRDA:36,1,0,9
BRDA:36,1,1,1
BRDA:37,2,0,0
BRDA:37,2,1,9
BRDA:42,3,0,1
BRDA:42,3,1,8
BRDA:57,4,0,0
BRDA:57,4,1,6
BRDA:67,5,0,0
BRDA:67,5,1,6
BRDA:81,6,0,0
BRDA:81,6,1,5
BRDA:96,7,0,0
BRDA:96,7,1,5
BRDA:112,8,0,0
BRDA:112,8,1,5
BRDA:112,9,0,5
BRDA:112,9,1,0
BRDA:112,9,2,0
BRDA:121,10,0,0
BRDA:121,10,1,5
BRF:23
BRH:13
end_of_record
TN:
SF:src\app\companies\page.tsx
FN:7,CompaniesPage
FNF:1
FNH:0
FNDA:0,CompaniesPage
DA:2,0
DA:3,0
DA:5,0
DA:7,0
DA:8,0
DA:9,0
DA:14,0
LF:7
LH:0
BRDA:14,0,0,0
BRDA:14,0,1,0
BRDA:24,1,0,0
BRDA:24,1,1,0
BRF:4
BRH:0
end_of_record
TN:
SF:src\app\companies\[id]\page.tsx
FN:7,CompanyPage
FNF:1
FNH:0
FNDA:0,CompanyPage
DA:2,0
DA:3,0
DA:7,0
DA:8,0
DA:9,0
DA:11,0
DA:17,0
DA:25,0
DA:33,0
LF:9
LH:0
BRDA:17,0,0,0
BRDA:17,0,1,0
BRDA:17,1,0,0
BRDA:17,1,1,0
BRDA:20,2,0,0
BRDA:20,2,1,0
BRDA:33,3,0,0
BRDA:33,3,1,0
BRDA:41,4,0,0
BRDA:41,4,1,0
BRF:10
BRH:0
end_of_record
TN:
SF:src\app\companies\[id]\add-employee\page.tsx
FN:4,createEmployee
FN:6,(anonymous_5)
FN:42,AddEmployeePage
FNF:3
FNH:0
FNDA:0,createEmployee
FNDA:0,(anonymous_5)
FNDA:0,AddEmployeePage
DA:2,0
DA:6,0
DA:8,0
DA:9,0
DA:10,0
DA:11,0
DA:12,0
DA:13,0
DA:14,0
DA:15,0
DA:16,0
DA:17,0
DA:18,0
DA:19,0
DA:21,0
DA:23,0
DA:37,0
DA:39,0
DA:42,0
DA:45,0
LF:20
LH:0
BRDA:8,0,0,0
BRDA:8,0,1,0
BRDA:9,1,0,0
BRDA:9,1,1,0
BRDA:10,2,0,0
BRDA:10,2,1,0
BRDA:11,3,0,0
BRDA:11,3,1,0
BRDA:12,4,0,0
BRDA:12,4,1,0
BRDA:12,5,0,0
BRDA:12,5,1,0
BRDA:13,6,0,0
BRDA:13,6,1,0
BRDA:13,7,0,0
BRDA:13,7,1,0
BRDA:14,8,0,0
BRDA:14,8,1,0
BRDA:15,9,0,0
BRDA:15,9,1,0
BRDA:16,10,0,0
BRDA:16,10,1,0
BRDA:17,11,0,0
BRDA:17,11,1,0
BRDA:18,12,0,0
BRDA:18,12,1,0
BRDA:19,13,0,0
BRDA:19,13,1,0
BRDA:19,14,0,0
BRDA:19,14,1,0
BRDA:21,15,0,0
BRDA:21,15,1,0
BRDA:21,16,0,0
BRDA:21,16,1,0
BRDA:21,16,2,0
BRDA:37,17,0,0
BRDA:37,17,1,0
BRF:37
BRH:0
end_of_record
TN:
SF:src\app\companies\[id]\billing\pdf\route.ts
FN:11,GET
FN:68,(anonymous_5)
FN:90,(anonymous_6)
FN:185,(anonymous_7)
FNF:4
FNH:0
FNDA:0,GET
FNDA:0,(anonymous_5)
FNDA:0,(anonymous_6)
FNDA:0,(anonymous_7)
DA:2,0
DA:3,0
DA:4,0
DA:5,0
DA:6,0
DA:7,0
DA:9,0
DA:11,0
DA:15,0
DA:16,0
DA:19,0
DA:20,0
DA:21,0
DA:22,0
DA:23,0
DA:25,0
DA:26,0
DA:29,0
DA:34,0
DA:35,0
DA:42,0
DA:47,0
DA:48,0
DA:55,0
DA:60,0
DA:61,0
DA:67,0
DA:68,0
DA:69,0
DA:71,0
DA:72,0
DA:79,0
DA:81,0
DA:83,0
DA:89,0
DA:90,0
DA:94,0
DA:95,0
DA:96,0
DA:99,0
DA:100,0
DA:101,0
DA:102,0
DA:103,0
DA:104,0
DA:106,0
DA:115,0
DA:117,0
DA:122,0
DA:123,0
DA:124,0
DA:127,0
DA:128,0
DA:129,0
DA:130,0
DA:131,0
DA:132,0
DA:134,0
DA:138,0
DA:139,0
DA:140,0
DA:143,0
DA:144,0
DA:145,0
DA:148,0
DA:149,0
DA:150,0
DA:151,0
DA:158,0
DA:165,0
DA:168,0
DA:175,0
DA:182,0
DA:185,0
DA:186,0
DA:187,0
DA:190,0
DA:191,0
DA:192,0
DA:193,0
DA:196,0
DA:198,0
DA:199,0
DA:200,0
DA:201,0
DA:202,0
DA:203,0
DA:204,0
DA:206,0
DA:207,0
DA:208,0
DA:209,0
DA:214,0
DA:215,0
DA:216,0
DA:221,0
DA:222,0
DA:223,0
DA:225,0
LF:99
LH:0
BRDA:23,0,0,0
BRDA:23,0,1,0
BRDA:26,1,0,0
BRDA:26,1,1,0
BRDA:34,2,0,0
BRDA:34,2,1,0
BRDA:34,3,0,0
BRDA:34,3,1,0
BRDA:35,4,0,0
BRDA:35,4,1,0
BRDA:47,5,0,0
BRDA:47,5,1,0
BRDA:47,6,0,0
BRDA:47,6,1,0
BRDA:60,7,0,0
BRDA:60,7,1,0
BRDA:69,8,0,0
BRDA:69,8,1,0
BRDA:69,9,0,0
BRDA:69,9,1,0
BRDA:81,10,0,0
BRDA:81,10,1,0
BRDA:89,11,0,0
BRDA:89,11,1,0
BRDA:90,12,0,0
BRDA:90,12,1,0
BRDA:99,13,0,0
BRDA:99,13,1,0
BRDA:129,14,0,0
BRDA:129,14,1,0
BRDA:148,15,0,0
BRDA:148,15,1,0
BRDA:185,16,0,0
BRDA:185,17,0,0
BRDA:186,18,0,0
BRDA:186,18,1,0
BRDA:191,19,0,0
BRDA:191,19,1,0
BRDA:192,20,0,0
BRDA:192,20,1,0
BRDA:214,21,0,0
BRDA:214,21,1,0
BRF:42
BRH:0
end_of_record
TN:
SF:src\app\companies\[id]\deductions\page.tsx
FN:14,CompanyDeductionsPage
FN:80,(anonymous_3)
FN:83,(anonymous_4)
FN:96,(anonymous_5)
FN:110,(anonymous_6)
FN:136,(anonymous_7)
FN:138,(anonymous_8)
FN:273,(anonymous_9)
FN:286,(anonymous_10)
FNF:9
FNH:0
FNDA:0,CompanyDeductionsPage
FNDA:0,(anonymous_3)
FNDA:0,(anonymous_4)
FNDA:0,(anonymous_5)
FNDA:0,(anonymous_6)
FNDA:0,(anonymous_7)
FNDA:0,(anonymous_8)
FNDA:0,(anonymous_9)
FNDA:0,(anonymous_10)
DA:2,0
DA:3,0
DA:7,0
DA:14,0
DA:15,0
DA:16,0
DA:19,0
DA:25,0
DA:34,0
DA:54,0
DA:62,0
DA:63,0
DA:64,0
DA:65,0
DA:80,0
DA:81,0
DA:82,0
DA:83,0
DA:87,0
DA:88,0
DA:89,0
DA:90,0
DA:92,0
DA:96,0
DA:109,0
DA:110,0
DA:127,0
DA:136,0
DA:138,0
DA:139,0
DA:274,0
DA:287,0
LF:32
LH:0
BRDA:25,0,0,0
BRDA:25,0,1,0
BRDA:25,1,0,0
BRDA:25,1,1,0
BRDA:28,2,0,0
BRDA:28,2,1,0
BRDA:54,3,0,0
BRDA:54,3,1,0
BRDA:62,4,0,0
BRDA:62,4,1,0
BRDA:63,5,0,0
BRDA:63,5,1,0
BRDA:65,6,0,0
BRDA:65,6,1,0
BRDA:80,7,0,0
BRDA:80,7,1,0
BRDA:81,8,0,0
BRDA:81,8,1,0
BRDA:83,9,0,0
BRDA:83,9,1,0
BRDA:95,10,0,0
BRDA:95,10,1,0
BRDA:98,11,0,0
BRDA:98,11,1,0
BRDA:259,12,0,0
BRDA:285,13,0,0
BRF:26
BRH:0
end_of_record
TN:
SF:src\app\companies\[id]\employees\[empId]\page.tsx
FN:8,EmployeePage
FN:83,(anonymous_3)
FN:242,(anonymous_4)
FNF:3
FNH:0
FNDA:0,EmployeePage
FNDA:0,(anonymous_3)
FNDA:0,(anonymous_4)
DA:2,0
DA:3,0
DA:4,0
DA:5,0
DA:6,0
DA:8,0
DA:11,0
DA:12,0
DA:15,0
DA:23,0
DA:32,0
DA:39,0
DA:40,0
DA:42,0
DA:43,0
DA:45,0
DA:49,0
DA:55,0
DA:56,0
DA:63,0
DA:71,0
DA:72,0
DA:74,0
DA:82,0
DA:83,0
DA:87,0
DA:88,0
DA:89,0
DA:242,0
LF:29
LH:0
BRDA:23,0,0,0
BRDA:23,0,1,0
BRDA:23,1,0,0
BRDA:23,1,1,0
BRDA:26,2,0,0
BRDA:26,2,1,0
BRDA:39,3,0,0
BRDA:39,3,1,0
BRDA:42,4,0,0
BRDA:42,4,1,0
BRDA:82,5,0,0
BRDA:82,5,1,0
BRDA:83,6,0,0
BRDA:83,6,1,0
BRDA:87,7,0,0
BRDA:87,7,1,0
BRDA:88,8,0,0
BRDA:88,8,1,0
BRDA:89,9,0,0
BRDA:89,9,1,0
BRDA:99,10,0,0
BRDA:99,10,1,0
BRDA:100,11,0,0
BRDA:100,11,1,0
BRDA:100,12,0,0
BRDA:100,12,1,0
BRDA:160,13,0,0
BRDA:160,13,1,0
BRDA:190,14,0,0
BRDA:190,14,1,0
BRDA:198,15,0,0
BRDA:198,15,1,0
BRDA:199,16,0,0
BRDA:199,16,1,0
BRDA:206,17,0,0
BRDA:226,18,0,0
BRDA:226,18,1,0
BRDA:230,19,0,0
BRDA:230,19,1,0
BRDA:233,20,0,0
BRDA:233,20,1,0
BRDA:234,21,0,0
BRDA:234,21,1,0
BRDA:234,22,0,0
BRDA:234,22,1,0
BRDA:237,23,0,0
BRDA:237,23,1,0
BRDA:238,24,0,0
BRDA:238,24,1,0
BRDA:241,25,0,0
BRDA:241,25,1,0
BRF:51
BRH:0
end_of_record
TN:
SF:src\app\companies\[id]\employees\[empId]\benefits\page.tsx
FN:5,toggleBenefit
FN:7,(anonymous_6)
FN:27,BenefitsPage
FN:72,(anonymous_8)
FNF:4
FNH:0
FNDA:0,toggleBenefit
FNDA:0,(anonymous_6)
FNDA:0,BenefitsPage
FNDA:0,(anonymous_8)
DA:2,0
DA:3,0
DA:7,0
DA:9,0
DA:10,0
DA:11,0
DA:12,0
DA:14,0
DA:15,0
DA:19,0
DA:20,0
DA:21,0
DA:23,0
DA:27,0
DA:32,0
DA:33,0
DA:35,0
DA:41,0
DA:73,0
DA:74,0
LF:20
LH:0
BRDA:9,0,0,0
BRDA:9,0,1,0
BRDA:10,1,0,0
BRDA:10,1,1,0
BRDA:11,2,0,0
BRDA:11,2,1,0
BRDA:12,3,0,0
BRDA:12,3,1,0
BRDA:14,4,0,0
BRDA:14,4,1,0
BRDA:14,5,0,0
BRDA:14,5,1,0
BRDA:14,5,2,0
BRDA:20,6,0,0
BRDA:20,6,1,0
BRDA:69,7,0,0
BRDA:72,8,0,0
BRDA:72,8,1,0
BRDA:73,9,0,0
BRDA:73,9,1,0
BRDA:73,9,2,0
BRDA:79,10,0,0
BRDA:79,10,1,0
BRDA:79,11,0,0
BRDA:79,11,1,0
BRDA:82,12,0,0
BRDA:82,12,1,0
BRDA:82,13,0,0
BRDA:82,13,1,0
BRDA:88,14,0,0
BRDA:90,15,0,0
BRDA:90,15,1,0
BRDA:96,16,0,0
BRDA:96,16,1,0
BRDA:99,17,0,0
BRDA:99,17,1,0
BRDA:105,18,0,0
BRDA:105,18,1,0
BRF:38
BRH:0
end_of_record
TN:
SF:src\app\companies\[id]\employees\[empId]\benefits\add\page.tsx
FN:4,addBenefit
FN:6,(anonymous_5)
FN:34,AddBenefitPage
FN:40,(anonymous_7)
FN:58,(anonymous_8)
FN:101,(anonymous_9)
FNF:6
FNH:0
FNDA:0,addBenefit
FNDA:0,(anonymous_5)
FNDA:0,AddBenefitPage
FNDA:0,(anonymous_7)
FNDA:0,(anonymous_8)
FNDA:0,(anonymous_9)
DA:2,0
DA:6,0
DA:8,0
DA:9,0
DA:10,0
DA:11,0
DA:12,0
DA:13,0
DA:14,0
DA:16,0
DA:17,0
DA:18,0
DA:20,0
DA:29,0
DA:31,0
DA:34,0
DA:37,0
DA:40,0
DA:41,0
DA:59,0
DA:102,0
LF:21
LH:0
BRDA:8,0,0,0
BRDA:8,0,1,0
BRDA:9,1,0,0
BRDA:9,1,1,0
BRDA:10,2,0,0
BRDA:10,2,1,0
BRDA:10,3,0,0
BRDA:10,3,1,0
BRDA:11,4,0,0
BRDA:11,4,1,0
BRDA:11,5,0,0
BRDA:11,5,1,0
BRDA:12,6,0,0
BRDA:12,6,1,0
BRDA:13,7,0,0
BRDA:13,7,1,0
BRDA:13,8,0,0
BRDA:13,8,1,0
BRDA:14,9,0,0
BRDA:14,9,1,0
BRDA:14,10,0,0
BRDA:14,10,1,0
BRDA:16,11,0,0
BRDA:16,11,1,0
BRDA:17,12,0,0
BRDA:17,12,1,0
BRDA:17,13,0,0
BRDA:17,13,1,0
BRDA:18,14,0,0
BRDA:18,14,1,0
BRDA:29,15,0,0
BRDA:29,15,1,0
BRDA:58,16,0,0
BRDA:58,16,1,0
BRDA:101,17,0,0
BRDA:101,17,1,0
BRDA:105,18,0,0
BRDA:105,18,1,0
BRDA:105,19,0,0
BRDA:105,19,1,0
BRDA:106,20,0,0
BRDA:106,20,1,0
BRDA:110,21,0,0
BRF:43
BRH:0
end_of_record
TN:
SF:src\app\companies\[id]\employees\[empId]\compare\page.tsx
FN:4,getPreview
FN:23,ComparePage
FN:38,(anonymous_3)
FNF:3
FNH:0
FNDA:0,getPreview
FNDA:0,ComparePage
FNDA:0,(anonymous_3)
DA:2,0
DA:6,0
DA:9,0
DA:15,0
DA:16,0
DA:17,0
DA:18,0
DA:20,0
DA:23,0
DA:26,0
DA:27,0
DA:29,0
DA:36,0
DA:38,0
LF:14
LH:0
BRDA:6,0,0,0
BRDA:6,0,1,0
BRDA:7,1,0,0
BRDA:7,1,1,0
BRDA:15,2,0,0
BRDA:15,2,1,0
BRDA:36,3,0,0
BRDA:36,3,1,0
BRDA:36,4,0,0
BRDA:36,4,1,0
BRDA:36,5,0,0
BRDA:36,5,1,0
BRDA:38,6,0,0
BRDA:38,6,1,0
BRDA:74,7,0,0
BRDA:74,7,1,0
BRF:16
BRH:0
end_of_record
TN:
SF:src\app\companies\[id]\proposal\pdf\route.ts
FN:12,GET
FN:71,(anonymous_5)
FN:87,(anonymous_6)
FN:113,(anonymous_7)
FN:144,(anonymous_8)
FN:147,(anonymous_9)
FN:150,(anonymous_10)
FN:219,(anonymous_11)
FNF:8
FNH:0
FNDA:0,GET
FNDA:0,(anonymous_5)
FNDA:0,(anonymous_6)
FNDA:0,(anonymous_7)
FNDA:0,(anonymous_8)
FNDA:0,(anonymous_9)
FNDA:0,(anonymous_10)
[...]
FN:26,(anonymous_4)
FN:30,(anonymous_5)
FN:33,(anonymous_6)
FN:34,(anonymous_7)
FN:34,(anonymous_8)
FN:38,(anonymous_9)
FN:39,(anonymous_10)
FN:40,(anonymous_11)
FN:41,(anonymous_12)
FN:43,(anonymous_13)
FN:44,(anonymous_14)
FN:44,(anonymous_15)
FN:53,(anonymous_16)
FN:54,(anonymous_17)
FN:61,ToastItem
FN:131,useToast
FNF:17
FNH:0
FNDA:0,ToastProvider
FNDA:0,(anonymous_4)
FNDA:0,(anonymous_5)
FNDA:0,(anonymous_6)
FNDA:0,(anonymous_7)
FNDA:0,(anonymous_8)
FNDA:0,(anonymous_9)
FNDA:0,(anonymous_10)
FNDA:0,(anonymous_11)
FNDA:0,(anonymous_12)
FNDA:0,(anonymous_13)
FNDA:0,(anonymous_14)
FNDA:0,(anonymous_15)
FNDA:0,(anonymous_16)
FNDA:0,(anonymous_17)
FNDA:0,ToastItem
FNDA:0,useToast
DA:3,0
DA:21,0
DA:23,0
DA:24,0
DA:26,0
DA:27,0
DA:28,0
DA:30,0
DA:33,0
DA:34,0
DA:38,0
DA:39,0
DA:40,0
DA:41,0
DA:43,0
DA:44,0
DA:54,0
DA:62,0
DA:64,0
DA:87,0
DA:131,0
DA:132,0
DA:133,0
DA:134,0
DA:136,0
LF:25
LH:0
BRDA:26,0,0,0
BRDA:133,1,0,0
BRDA:133,1,1,0
BRF:3
BRH:0
end_of_record
TN:
SF:src\components\UserMenu.tsx
FN:14,UserMenu
FN:21,(anonymous_2)
FN:22,handleClickOutside
FN:32,(anonymous_4)
FN:37,(anonymous_5)
FN:60,(anonymous_6)
FN:75,(anonymous_7)
FNF:7
FNH:0
FNDA:0,UserMenu
FNDA:0,(anonymous_2)
FNDA:0,handleClickOutside
FNDA:0,(anonymous_4)
FNDA:0,(anonymous_5)
FNDA:0,(anonymous_6)
FNDA:0,(anonymous_7)
DA:3,0
DA:4,0
DA:14,0
DA:15,0
DA:16,0
DA:17,0
DA:18,0
DA:21,0
DA:23,0
DA:24,0
DA:28,0
DA:29,0
DA:32,0
DA:33,0
DA:37,0
DA:38,0
DA:40,0
DA:41,0
DA:45,0
DA:46,0
DA:47,0
DA:49,0
DA:50,0
DA:53,0
DA:54,0
DA:58,0
DA:60,0
DA:65,0
DA:75,0
LF:29
LH:0
BRDA:23,0,0,0
BRDA:23,0,1,0
BRDA:23,1,0,0
BRDA:23,1,1,0
BRDA:28,2,0,0
BRDA:28,2,1,0
BRDA:45,3,0,0
BRDA:45,3,1,0
BRDA:65,4,0,0
BRDA:65,4,1,0
BRDA:83,5,0,0
BRDA:83,5,1,0
BRDA:93,6,0,0
BRDA:98,7,0,0
BRDA:140,8,0,0
BRDA:140,8,1,0
BRF:16
BRH:0
end_of_record
TN:
SF:src\components\UsersManager.tsx
FN:21,UsersManager
FN:39,(anonymous_2)
FN:50,(anonymous_3)
FN:84,(anonymous_4)
FN:118,(anonymous_5)
FN:130,(anonymous_6)
FN:147,(anonymous_7)
FN:156,(anonymous_8)
FN:178,(anonymous_9)
FN:192,(anonymous_10)
FN:213,(anonymous_11)
FN:248,(anonymous_12)
FN:255,(anonymous_13)
FN:284,(anonymous_14)
FN:295,(anonymous_15)
FN:306,(anonymous_16)
FN:317,(anonymous_17)
FN:327,(anonymous_18)
FN:341,(anonymous_19)
FN:352,(anonymous_20)
FN:387,(anonymous_21)
FN:400,(anonymous_22)
FN:411,(anonymous_23)
FN:422,(anonymous_24)
FN:432,(anonymous_25)
FN:446,(anonymous_26)
FN:457,(anonymous_27)
FNF:27
FNH:0
FNDA:0,UsersManager
FNDA:0,(anonymous_2)
FNDA:0,(anonymous_3)
FNDA:0,(anonymous_4)
FNDA:0,(anonymous_5)
FNDA:0,(anonymous_6)
FNDA:0,(anonymous_7)
FNDA:0,(anonymous_8)
FNDA:0,(anonymous_9)
FNDA:0,(anonymous_10)
FNDA:0,(anonymous_11)
FNDA:0,(anonymous_12)
FNDA:0,(anonymous_13)
FNDA:0,(anonymous_14)
FNDA:0,(anonymous_15)
FNDA:0,(anonymous_16)
FNDA:0,(anonymous_17)
FNDA:0,(anonymous_18)
FNDA:0,(anonymous_19)
FNDA:0,(anonymous_20)
FNDA:0,(anonymous_21)
FNDA:0,(anonymous_22)
FNDA:0,(anonymous_23)
FNDA:0,(anonymous_24)
FNDA:0,(anonymous_25)
FNDA:0,(anonymous_26)
FNDA:0,(anonymous_27)
DA:3,0
DA:4,0
DA:21,0
DA:22,0
DA:23,0
DA:24,0
DA:25,0
DA:26,0
DA:27,0
DA:28,0
DA:30,0
DA:39,0
DA:40,0
DA:50,0
DA:51,0
DA:52,0
DA:53,0
DA:54,0
DA:57,0
DA:58,0
DA:60,0
DA:61,0
DA:67,0
DA:69,0
DA:70,0
DA:73,0
DA:74,0
DA:75,0
DA:76,0
DA:78,0
DA:80,0
DA:84,0
DA:85,0
DA:86,0
DA:88,0
DA:89,0
DA:91,0
DA:92,0
DA:102,0
DA:103,0
DA:106,0
DA:112,0
DA:114,0
DA:115,0
DA:118,0
DA:119,0
DA:120,0
DA:121,0
DA:122,0
DA:124,0
DA:126,0
DA:130,0
DA:131,0
DA:133,0
DA:134,0
DA:136,0
DA:137,0
DA:141,0
DA:143,0
DA:144,0
DA:147,0
DA:148,0
DA:150,0
DA:152,0
DA:156,0
DA:157,0
DA:158,0
DA:166,0
DA:179,0
DA:180,0
DA:192,0
DA:214,0
DA:248,0
DA:255,0
DA:284,0
DA:295,0
DA:306,0
DA:317,0
DA:327,0
DA:341,0
DA:353,0
DA:354,0
DA:387,0
DA:400,0
DA:411,0
DA:422,0
DA:432,0
DA:446,0
DA:458,0
DA:459,0
DA:460,0
LF:91
LH:0
BRDA:52,0,0,0
BRDA:52,0,1,0
BRDA:69,1,0,0
BRDA:69,1,1,0
BRDA:70,2,0,0
BRDA:70,2,1,0
BRDA:86,3,0,0
BRDA:86,3,1,0
BRDA:102,4,0,0
BRDA:102,4,1,0
BRDA:114,5,0,0
BRDA:114,5,1,0
BRDA:115,6,0,0
BRDA:115,6,1,0
BRDA:118,7,0,0
BRDA:118,7,1,0
BRDA:131,8,0,0
BRDA:131,8,1,0
BRDA:143,9,0,0
BRDA:143,9,1,0
BRDA:144,10,0,0
BRDA:144,10,1,0
BRDA:189,11,0,0
BRDA:221,12,0,0
BRDA:221,12,1,0
BRDA:223,13,0,0
BRDA:223,13,1,0
BRDA:234,14,0,0
BRDA:234,14,1,0
BRDA:237,15,0,0
BRDA:237,15,1,0
BRDA:241,16,0,0
BRDA:241,16,1,0
BRDA:267,17,0,0
BRDA:273,18,0,0
BRDA:366,19,0,0
BRDA:366,19,1,0
BRDA:376,20,0,0
BRDA:376,20,1,0
BRDA:472,21,0,0
BRDA:472,21,1,0
BRF:41
BRH:0
end_of_record
TN:
SF:src\lib\aging.ts
FN:31,calculateDaysOverdue
FN:42,getAgingBucket
FN:52,calculateAgingSummary
FN:87,processARforAging
FN:88,(anonymous_12)
FN:105,processAPforAging
FN:106,(anonymous_14)
FN:123,sortByDaysOverdue
FN:124,(anonymous_16)
FN:130,filterByBucket
FN:131,(anonymous_18)
FNF:11
FNH:3
FNDA:5,calculateDaysOverdue
FNDA:12,getAgingBucket
FNDA:0,calculateAgingSummary
FNDA:0,processARforAging
FNDA:0,(anonymous_12)
FNDA:0,processAPforAging
FNDA:0,(anonymous_14)
FNDA:24,sortByDaysOverdue
FNDA:0,(anonymous_16)
FNDA:0,filterByBucket
FNDA:0,(anonymous_18)
DA:31,5
DA:32,5
DA:33,5
DA:34,5
DA:35,5
DA:36,5
DA:42,12
DA:43,12
DA:44,10
DA:45,7
DA:46,4
DA:52,0
DA:53,0
DA:61,0
DA:62,0
DA:63,0
DA:65,0
DA:67,0
DA:68,0
DA:70,0
DA:71,0
DA:73,0
DA:74,0
DA:76,0
DA:77,0
DA:81,0
DA:87,0
DA:88,0
DA:89,0
DA:90,0
DA:105,0
DA:106,0
DA:107,0
DA:108,0
DA:123,24
DA:124,24
DA:130,0
DA:131,0
LF:38
LH:13
BRDA:43,0,0,2
BRDA:43,0,1,10
BRDA:44,1,0,3
BRDA:44,1,1,7
BRDA:45,2,0,3
BRDA:45,2,1,4
BRDA:65,3,0,0
BRDA:65,3,1,0
BRDA:65,3,2,0
BRDA:65,3,3,0
BRDA:92,4,0,0
BRDA:92,4,1,0
BRF:12
BRH:6
end_of_record
TN:
SF:src\lib\auth.ts
FN:31,hashPassword
FN:38,generateSessionToken
FN:45,authenticateUser
FN:146,validateSession
FN:184,getCurrentUser
FN:198,logout
FN:231,setSessionCookie
FN:245,clearSessionCookie
FN:253,logAuditEvent
FNF:9
FNH:3
FNDA:14,hashPassword
FNDA:0,generateSessionToken
FNDA:0,authenticateUser
FNDA:3,validateSession
FNDA:0,getCurrentUser
FNDA:3,logout
FNDA:0,setSessionCookie
FNDA:0,clearSessionCookie
FNDA:0,logAuditEvent
DA:4,5
DA:5,5
DA:6,5
DA:8,5
DA:9,5
DA:31,15
DA:32,14
DA:38,1
DA:39,0
DA:45,1
DA:51,0
DA:54,0
DA:57,0
DA:64,0
DA:66,0
DA:75,0
DA:78,0
DA:79,0
DA:89,0
DA:93,0
DA:94,0
DA:95,0
DA:97,0
DA:109,0
DA:110,0
DA:114,0
DA:115,0
DA:118,0
DA:124,0
DA:133,0
DA:146,4
DA:147,3
DA:150,3
DA:156,3
DA:157,3
DA:161,0
DA:163,0
DA:164,0
DA:168,0
DA:174,0
DA:175,0
DA:178,0
DA:184,1
DA:185,0
DA:186,0
DA:188,0
DA:189,0
DA:192,0
DA:198,4
DA:199,3
DA:202,3
DA:208,3
DA:209,0
DA:216,0
DA:225,3
DA:231,1
DA:232,0
DA:233,0
DA:245,1
DA:246,0
DA:247,0
DA:253,1
DA:259,0
DA:260,0
DA:262,0
LF:65
LH:23
BRDA:64,0,0,0
BRDA:64,0,1,0
BRDA:64,1,0,0
BRDA:64,1,1,0
BRDA:78,2,0,0
BRDA:78,2,1,0
BRDA:109,3,0,0
BRDA:109,3,1,0
BRDA:156,4,0,3
BRDA:156,4,1,0
BRDA:156,5,0,3
BRDA:156,5,1,3
BRDA:161,6,0,0
BRDA:161,6,1,0
BRDA:174,7,0,0
BRDA:174,7,1,0
BRDA:174,8,0,0
BRDA:174,8,1,0
BRDA:188,9,0,0
BRDA:188,9,1,0
BRDA:208,10,0,0
BRDA:208,10,1,3
BRDA:268,11,0,0
BRDA:268,11,1,0
BRF:24
BRH:4
end_of_record
TN:
SF:src\lib\email.ts
FN:20,getTransporter
FN:43,sendEmail
FN:78,stripHtml
FN:91,formatCurrency
FN:101,formatDate
FN:116,sendWelcomeEmail
FN:180,sendBillingNotification
FN:267,sendMonthlyReport
FN:362,sendTestEmail
FN:419,sendMonthEndReport
FNF:10
FNH:0
FNDA:0,getTransporter
FNDA:0,sendEmail
FNDA:0,stripHtml
FNDA:0,formatCurrency
FNDA:0,formatDate
FNDA:0,sendWelcomeEmail
FNDA:0,sendBillingNotification
FNDA:0,sendMonthlyReport
FNDA:0,sendTestEmail
FNDA:0,sendMonthEndReport
DA:4,2
DA:8,2
DA:9,2
DA:10,2
DA:11,2
DA:12,2
DA:13,2
DA:15,2
DA:21,0
DA:22,0
DA:23,0
DA:26,0
DA:37,0
DA:49,0
DA:50,0
DA:52,0
DA:60,0
DA:62,0
DA:67,0
DA:68,0
DA:79,0
DA:92,0
DA:102,0
DA:116,0
DA:117,0
DA:118,0
DA:174,0
DA:180,0
DA:192,0
DA:193,0
DA:261,0
DA:267,0
DA:280,0
DA:281,0
DA:356,0
DA:362,0
DA:363,0
DA:364,0
DA:413,0
DA:419,0
DA:437,0
DA:438,0
DA:572,0
DA:573,0
DA:575,0
DA:584,0
DA:585,0
DA:592,0
DA:594,0
DA:596,0
DA:601,0
DA:602,0
DA:609,0
LF:53
LH:8
BRDA:8,0,0,2
BRDA:8,0,1,2
BRDA:9,1,0,2
BRDA:9,1,1,2
BRDA:10,2,0,2
BRDA:10,2,1,2
BRDA:11,3,0,2
BRDA:11,3,1,2
BRDA:12,4,0,2
BRDA:12,4,1,2
BRDA:13,5,0,2
BRDA:13,5,1,2
BRDA:21,6,0,0
BRDA:21,6,1,0
BRDA:22,7,0,0
BRDA:22,7,1,0
BRDA:22,8,0,0
BRDA:22,8,1,0
BRDA:54,9,0,0
BRDA:54,9,1,0
BRDA:57,10,0,0
BRDA:57,10,1,0
BRDA:477,11,0,0
BRDA:477,11,1,0
BRDA:530,12,0,0
BRDA:530,12,1,0
BRDA:530,13,0,0
BRDA:530,13,1,0
BRDA:538,14,0,0
BRDA:538,14,1,0
BRDA:584,15,0,0
BRDA:584,15,1,0
BRF:32
BRH:12
end_of_record
TN:
SF:src\lib\fees.ts
FN:9,computeFeesForPretaxMonthly
FN:29,computeAllModels
FN:33,(anonymous_7)
FN:62,computeProfitShare
FN:107,computeCompleteBilling
FNF:5
FNH:0
FNDA:0,computeFeesForPretaxMonthly
FNDA:0,computeAllModels
FNDA:0,(anonymous_7)
FNDA:0,computeProfitShare
FNDA:0,computeCompleteBilling
DA:3,2
DA:9,0
DA:19,0
DA:20,0
DA:21,0
DA:22,0
DA:23,0
DA:29,0
DA:33,0
DA:62,0
DA:68,0
DA:69,0
DA:76,0
DA:78,0
DA:79,0
DA:80,0
DA:87,0
DA:88,0
DA:89,0
DA:96,0
DA:107,0
DA:123,0
DA:124,0
DA:126,0
DA:133,0
DA:135,0
LF:26
LH:1
BRDA:68,0,0,0
BRDA:68,0,1,0
BRDA:68,1,0,0
BRDA:68,1,1,0
BRDA:78,2,0,0
BRDA:78,2,1,0
BRDA:87,3,0,0
BRDA:87,3,1,0
BRF:8
BRH:0
end_of_record
TN:
SF:src\lib\models.ts
FN:18,getModelRates
FN:46,formatRates
FN:56,parseModel
FNF:3
FNH:0
FNDA:0,getModelRates
FNDA:0,formatRates
FNDA:0,parseModel
DA:18,0
DA:19,0
DA:20,0
DA:23,0
DA:26,0
DA:29,0
DA:32,0
DA:35,0
DA:38,0
DA:46,0
DA:47,0
DA:49,0
DA:56,0
DA:57,0
DA:58,0
DA:59,0
DA:61,0
LF:17
LH:0
BRDA:19,0,0,0
BRDA:19,0,1,0
BRDA:20,1,0,0
BRDA:20,1,1,0
BRDA:20,1,2,0
BRDA:20,1,3,0
BRDA:20,1,4,0
BRDA:20,1,5,0
BRDA:57,2,0,0
BRDA:57,2,1,0
BRDA:58,3,0,0
BRDA:58,3,1,0
BRDA:58,4,0,0
BRDA:58,4,1,0
BRDA:58,4,2,0
BRDA:58,4,3,0
BRDA:58,4,4,0
BRF:17
BRH:0
end_of_record
TN:
SF:src\lib\money.ts
FN:1,(anonymous_4)
FN:2,(anonymous_5)
FN:3,(anonymous_6)
FNF:3
FNH:0
FNDA:0,(anonymous_4)
FNDA:0,(anonymous_5)
FNDA:0,(anonymous_6)
DA:1,0
DA:2,0
DA:3,0
DA:4,0
LF:4
LH:0
BRDA:1,0,0,0
BRDA:1,0,1,0
BRDA:2,1,0,0
BRDA:2,1,1,0
BRF:4
BRH:0
end_of_record
TN:
SF:src\lib\pdf.ts
FN:25,createPdfDoc
FN:50,addPage
FN:54,drawHeaderFooter
FN:124,drawTable
FNF:4
FNH:0
FNDA:0,createPdfDoc
FNDA:0,addPage
FNDA:0,drawHeaderFooter
FNDA:0,drawTable
DA:2,1
DA:3,1
DA:4,1
DA:25,0
DA:31,0
DA:32,0
DA:33,0
DA:36,0
DA:37,0
DA:38,0
DA:39,0
DA:40,0
DA:41,0
DA:43,0
DA:47,0
DA:50,0
DA:51,0
DA:54,0
DA:55,0
DA:56,0
DA:57,0
DA:60,0
DA:61,0
DA:62,0
DA:64,0
DA:67,0
DA:68,0
DA:69,0
DA:70,0
DA:77,0
DA:84,0
DA:87,0
DA:94,0
DA:101,0
DA:105,0
DA:106,0
DA:109,0
DA:111,0
DA:112,0
DA:113,0
DA:115,0
DA:116,0
DA:120,0
DA:121,0
DA:124,0
DA:130,0
DA:131,0
DA:132,0
DA:133,0
DA:134,0
DA:135,0
DA:136,0
DA:138,0
DA:141,0
DA:142,0
DA:145,0
DA:148,0
DA:149,0
DA:150,0
DA:151,0
DA:153,0
DA:156,0
DA:158,0
DA:160,0
DA:162,0
DA:163,0
DA:164,0
DA:165,0
DA:166,0
DA:167,0
DA:169,0
DA:172,0
DA:173,0
DA:174,0
DA:176,0
DA:177,0
DA:180,0
LF:77
LH:3
BRDA:38,0,0,0
BRDA:38,0,1,0
BRDA:67,1,0,0
BRDA:67,1,1,0
BRDA:111,2,0,0
BRDA:111,2,1,0
BRDA:115,3,0,0
BRDA:115,3,1,0
BRDA:158,4,0,0
BRDA:158,4,1,0
BRDA:165,5,0,0
BRDA:165,5,1,0
BRDA:165,6,0,0
BRDA:165,6,1,0
BRDA:172,7,0,0
BRDA:172,7,1,0
BRDA:173,8,0,0
BRDA:173,8,1,0
BRF:18
BRH:0
end_of_record
TN:
SF:src\lib\proposal-calculator.ts
FN:79,formatPayFrequency
FN:93,formatMaritalStatus
FNF:2
FNH:0
FNDA:0,formatPayFrequency
FNDA:0,formatMaritalStatus
DA:7,0
DA:16,0
DA:17,0
DA:18,0
DA:21,0
DA:28,0
DA:29,0
DA:32,0
DA:35,0
DA:36,0
DA:37,0
DA:42,0
DA:43,0
DA:47,0
DA:48,0
DA:49,0
DA:53,0
DA:54,0
DA:57,0
DA:58,0
DA:64,0
DA:65,0
DA:67,0
DA:79,0
DA:80,0
DA:87,0
DA:93,0
DA:94,0
DA:99,0
LF:29
LH:0
BRDA:17,0,0,0
BRDA:17,0,1,0
BRDA:18,1,0,0
BRDA:18,1,1,0
BRDA:28,2,0,0
BRDA:28,2,1,0
BRDA:64,3,0,0
BRDA:64,3,1,0
BRDA:65,4,0,0
BRDA:65,4,1,0
BRDA:87,5,0,0
BRDA:87,5,1,0
BRDA:99,6,0,0
BRDA:99,6,1,0
BRF:14
BRH:0
end_of_record
TN:
SF:src\lib\quickbooks.ts
FN:24,getQBClient
FN:44,refreshQBToken
FN:45,(anonymous_17)
FN:50,(anonymous_18)
FN:77,ensureValidToken
FN:96,syncCustomerToQB
FN:112,(anonymous_21)
FN:113,(anonymous_22)
FN:127,(anonymous_23)
FN:139,(anonymous_24)
FN:146,(anonymous_25)
FN:164,createInvoiceInQB
FN:187,(anonymous_27)
FN:195,(anonymous_28)
FN:209,(anonymous_29)
FN:226,getInvoiceFromQB
FN:234,(anonymous_31)
FN:235,(anonymous_32)
FN:252,recordPaymentInQB
FN:267,(anonymous_34)
FN:291,(anonymous_35)
FN:308,getQBCompanyInfo
FN:315,(anonymous_37)
FN:316,(anonymous_38)
FN:333,getAllCustomersFromQB
FN:340,(anonymous_40)
FN:343,(anonymous_41)
FN:361,getAllInvoicesFromQB
FN:370,(anonymous_43)
FN:381,(anonymous_44)
FN:385,(anonymous_45)
FN:408,getAllPaymentsFromQB
FN:417,(anonymous_47)
FN:427,(anonymous_48)
FN:444,searchCustomersInQB
FN:452,(anonymous_50)
FN:456,(anonymous_51)
FN:473,getQBAuthUrl
FN:480,getQBTokensFromCode
FN:484,(anonymous_54)
FN:490,(anonymous_55)
FNF:41
FNH:5
FNDA:4,getQBClient
FNDA:0,refreshQBToken
FNDA:0,(anonymous_17)
FNDA:0,(anonymous_18)
FNDA:4,ensureValidToken
FNDA:4,syncCustomerToQB
FNDA:0,(anonymous_21)
FNDA:0,(anonymous_22)
FNDA:0,(anonymous_23)
FNDA:4,(anonymous_24)
FNDA:4,(anonymous_25)
FNDA:0,createInvoiceInQB
FNDA:0,(anonymous_27)
FNDA:0,(anonymous_28)
FNDA:0,(anonymous_29)
FNDA:0,getInvoiceFromQB
FNDA:0,(anonymous_31)
FNDA:0,(anonymous_32)
FNDA:0,recordPaymentInQB
FNDA:0,(anonymous_34)
FNDA:0,(anonymous_35)
FNDA:0,getQBCompanyInfo
FNDA:0,(anonymous_37)
FNDA:0,(anonymous_38)
FNDA:0,getAllCustomersFromQB
FNDA:0,(anonymous_40)
FNDA:0,(anonymous_41)
FNDA:0,getAllInvoicesFromQB
FNDA:0,(anonymous_43)
FNDA:0,(anonymous_44)
FNDA:0,(anonymous_45)
FNDA:0,getAllPaymentsFromQB
FNDA:0,(anonymous_47)
FNDA:0,(anonymous_48)
FNDA:0,searchCustomersInQB
FNDA:0,(anonymous_50)
FNDA:0,(anonymous_51)
FNDA:0,getQBAuthUrl
FNDA:0,getQBTokensFromCode
FNDA:0,(anonymous_54)
FNDA:0,(anonymous_55)
DA:4,2
DA:7,2
DA:8,2
DA:9,2
DA:10,2
DA:25,4
DA:38,4
DA:44,1
DA:45,0
DA:46,0
DA:51,0
DA:52,0
DA:53,0
DA:54,0
DA:57,0
DA:58,0
DA:60,0
DA:68,0
DA:77,1
DA:78,4
DA:79,4
DA:82,4
DA:83,0
DA:84,0
DA:85,0
DA:87,0
DA:90,4
DA:96,5
DA:106,4
DA:107,4
DA:108,4
DA:110,4
DA:112,0
DA:113,0
DA:114,0
DA:115,0
DA:116,0
DA:119,0
DA:127,0
DA:128,0
DA:129,0
DA:130,0
DA:133,0
DA:139,4
DA:140,4
DA:146,4
DA:147,4
DA:148,4
DA:149,4
DA:152,0
DA:157,0
DA:164,1
DA:183,0
DA:184,0
DA:185,0
DA:187,0
DA:188,0
DA:195,0
DA:209,0
DA:210,0
DA:211,0
DA:212,0
DA:215,0
DA:219,0
DA:226,1
DA:230,0
DA:231,0
DA:232,0
DA:234,0
DA:235,0
DA:236,0
DA:237,0
DA:238,0
DA:241,0
DA:245,0
DA:252,1
DA:263,0
DA:264,0
DA:265,0
DA:267,0
DA:268,0
DA:291,0
DA:292,0
DA:293,0
DA:294,0
DA:297,0
DA:301,0
DA:308,1
DA:311,0
DA:312,0
DA:313,0
DA:315,0
DA:316,0
DA:317,0
DA:318,0
DA:319,0
DA:322,0
DA:326,0
DA:333,1
DA:336,0
DA:337,0
DA:338,0
DA:340,0
DA:341,0
DA:344,0
DA:345,0
DA:346,0
DA:349,0
DA:354,0
DA:361,1
DA:366,0
DA:367,0
DA:368,0
DA:370,0
DA:371,0
DA:373,0
DA:374,0
DA:377,0
DA:379,0
DA:382,0
DA:385,0
DA:386,0
DA:387,0
DA:388,0
DA:391,0
DA:393,0
DA:396,0
DA:401,0
DA:408,1
DA:413,0
DA:414,0
DA:415,0
DA:417,0
DA:418,0
DA:420,0
DA:421,0
DA:424,0
DA:427,0
DA:428,0
DA:429,0
DA:430,0
DA:433,0
DA:437,0
DA:444,1
DA:448,0
DA:449,0
DA:450,0
DA:452,0
DA:453,0
DA:456,0
DA:457,0
DA:458,0
DA:459,0
DA:462,0
DA:466,0
DA:473,1
DA:474,0
DA:480,1
DA:484,0
DA:485,0
DA:491,0
DA:492,0
DA:493,0
DA:494,0
DA:497,0
DA:498,0
DA:500,0
DA:508,0
LF:168
LH:34
BRDA:7,0,0,2
BRDA:7,0,1,2
BRDA:8,1,0,2
BRDA:8,1,1,2
BRDA:9,2,0,2
BRDA:9,2,1,2
BRDA:10,3,0,2
BRDA:10,3,1,2
BRDA:51,4,0,0
BRDA:51,4,1,0
BRDA:57,5,0,0
BRDA:57,5,1,0
BRDA:58,6,0,0
BRDA:58,6,1,0
BRDA:82,7,0,0
BRDA:82,7,1,4
BRDA:84,8,0,0
BRDA:84,8,1,0
BRDA:110,9,0,0
BRDA:110,9,1,4
BRDA:114,10,0,0
BRDA:114,10,1,0
BRDA:122,11,0,0
BRDA:122,11,1,0
BRDA:123,12,0,0
BRDA:123,12,1,0
BRDA:128,13,0,0
BRDA:128,13,1,0
BRDA:142,14,0,0
BRDA:142,14,1,4
BRDA:143,15,0,0
BRDA:143,15,1,4
BRDA:147,16,0,4
BRDA:147,16,1,0
BRDA:204,17,0,0
BRDA:204,17,1,0
BRDA:210,18,0,0
BRDA:210,18,1,0
BRDA:236,19,0,0
BRDA:236,19,1,0
BRDA:292,20,0,0
BRDA:292,20,1,0
BRDA:317,21,0,0
BRDA:317,21,1,0
BRDA:344,22,0,0
BRDA:344,22,1,0
BRDA:349,23,0,0
BRDA:349,23,1,0
BRDA:373,24,0,0
BRDA:373,24,1,0
BRDA:373,25,0,0
BRDA:373,25,1,0
BRDA:382,26,0,0
BRDA:382,26,1,0
BRDA:386,27,0,0
BRDA:386,27,1,0
BRDA:391,28,0,0
BRDA:391,28,1,0
BRDA:396,29,0,0
BRDA:396,29,1,0
BRDA:420,30,0,0
BRDA:420,30,1,0
BRDA:420,31,0,0
BRDA:420,31,1,0
BRDA:428,32,0,0
BRDA:428,32,1,0
BRDA:433,33,0,0
BRDA:433,33,1,0
BRDA:457,34,0,0
BRDA:457,34,1,0
BRDA:462,35,0,0
BRDA:462,35,1,0
BRDA:491,36,0,0
BRDA:491,36,1,0
BRDA:497,37,0,0
BRDA:497,37,1,0
BRDA:498,38,0,0
BRDA:498,38,1,0
BRF:78
BRH:13
end_of_record
TN:
SF:src\lib\section125.ts
FN:19,calculateSection125Amount
FN:90,getTierFeeRates
FN:137,annualToPerPay
FN:156,monthlyToPerPay
FN:183,calculateSafeSection125Deduction
FN:220,checkSection125Affordability
FNF:6
FNH:0
FNDA:0,calculateSection125Amount
FNDA:0,getTierFeeRates
FNDA:0,annualToPerPay
FNDA:0,monthlyToPerPay
FNDA:0,calculateSafeSection125Deduction
FNDA:0,checkSection125Affordability
DA:19,0
DA:25,0
DA:27,0
DA:30,0
DA:34,0
DA:35,0
DA:37,0
DA:41,0
DA:42,0
DA:45,0
DA:46,0
DA:49,0
DA:50,0
DA:53,0
DA:54,0
DA:56,0
DA:60,0
DA:61,0
DA:64,0
DA:65,0
DA:68,0
DA:69,0
DA:71,0
DA:75,0
DA:76,0
DA:78,0
DA:90,0
DA:92,0
DA:93,0
DA:97,0
DA:98,0
DA:103,0
DA:105,0
DA:107,0
DA:114,0
DA:116,0
DA:117,0
DA:119,0
DA:120,0
DA:122,0
DA:123,0
DA:127,0
DA:137,0
DA:138,0
DA:145,0
DA:146,0
DA:156,0
DA:157,0
DA:164,0
DA:165,0
DA:183,0
DA:192,0
DA:195,0
DA:198,0
DA:202,0
DA:206,0
DA:220,0
DA:237,0
DA:238,0
DA:239,0
DA:248,0
DA:251,0
DA:257,0
DA:259,0
DA:260,0
DA:262,0
DA:264,0
LF:67
LH:0
BRDA:25,0,0,0
BRDA:25,0,1,0
BRDA:27,1,0,0
BRDA:27,1,1,0
BRDA:27,1,2,0
BRDA:27,1,3,0
BRDA:27,1,4,0
BRDA:34,2,0,0
BRDA:34,2,1,0
BRDA:34,3,0,0
BRDA:34,3,1,0
BRDA:41,4,0,0
BRDA:41,4,1,0
BRDA:41,5,0,0
BRDA:41,5,1,0
BRDA:45,6,0,0
BRDA:45,6,1,0
BRDA:45,7,0,0
BRDA:45,7,1,0
BRDA:49,8,0,0
BRDA:49,8,1,0
BRDA:49,9,0,0
BRDA:49,9,1,0
BRDA:53,10,0,0
BRDA:53,10,1,0
BRDA:53,11,0,0
BRDA:53,11,1,0
BRDA:60,12,0,0
BRDA:60,12,1,0
BRDA:60,13,0,0
BRDA:60,13,1,0
BRDA:64,14,0,0
BRDA:64,14,1,0
BRDA:64,15,0,0
BRDA:64,15,1,0
BRDA:68,16,0,0
BRDA:68,16,1,0
BRDA:75,17,0,0
BRDA:75,17,1,0
BRDA:75,18,0,0
BRDA:75,18,1,0
BRDA:92,19,0,0
BRDA:92,19,1,0
BRDA:97,20,0,0
BRDA:97,20,1,0
BRDA:105,21,0,0
BRDA:105,21,1,0
BRDA:108,22,0,0
BRDA:108,22,1,0
BRDA:109,23,0,0
BRDA:109,23,1,0
BRDA:114,24,0,0
BRDA:114,24,1,0
BRDA:116,25,0,0
BRDA:116,25,1,0
BRDA:119,26,0,0
BRDA:119,26,1,0
BRDA:122,27,0,0
BRDA:122,27,1,0
BRDA:145,28,0,0
BRDA:145,28,1,0
BRDA:164,29,0,0
BRDA:164,29,1,0
BRDA:189,30,0,0
BRDA:226,31,0,0
BRDA:257,32,0,0
BRDA:257,32,1,0
BRF:67
BRH:0
end_of_record
TN:
SF:src\lib\supabase.ts
FN:4,createAnonClient
FN:10,createServiceClient
FNF:2
FNH:0
FNDA:0,createAnonClient
FNDA:0,createServiceClient
DA:2,0
DA:4,0
DA:5,0
DA:6,0
DA:7,0
DA:10,0
DA:11,0
DA:12,0
DA:13,0
LF:9
LH:0
BRF:0
BRH:0
end_of_record
TN:
SF:src\lib\tax.ts
FN:4,calcFICA
FN:18,calcFITFromTable
FN:30,calcSITFlat
FN:35,mapPayPeriod
FNF:4
FNH:0
FNDA:0,calcFICA
FNDA:0,calcFITFromTable
FNDA:0,calcSITFlat
FNDA:0,mapPayPeriod
DA:4,0
DA:10,0
DA:11,0
DA:12,0
DA:13,0
DA:14,0
DA:18,0
DA:19,0
DA:20,0
DA:21,0
DA:22,0
DA:24,0
DA:25,0
DA:26,0
DA:30,0
DA:31,0
DA:35,0
DA:36,0
DA:37,0
DA:38,0
DA:39,0
DA:40,0
LF:22
LH:0
BRDA:10,0,0,0
BRDA:10,0,1,0
BRDA:11,1,0,0
BRDA:11,1,1,0
BRDA:12,2,0,0
BRDA:12,2,1,0
BRDA:19,3,0,0
BRDA:19,3,1,0
BRDA:19,4,0,0
BRDA:19,4,1,0
BRDA:22,5,0,0
BRDA:22,5,1,0
BRDA:25,6,0,0
BRDA:25,6,1,0
BRDA:25,7,0,0
BRDA:25,7,1,0
BRDA:31,8,0,0
BRDA:31,8,1,0
BRDA:36,9,0,0
BRDA:36,9,1,0
BRDA:36,9,2,0
BRDA:36,9,3,0
BRDA:36,10,0,0
BRDA:36,10,1,0
BRF:24
BRH:0
end_of_record
TN:
SF:src\lib\validation.ts
FN:29,(anonymous_22)
FN:122,(anonymous_23)
FN:179,validateRequest
FN:202,validateRequestBody
FNF:4
FNH:0
FNDA:0,(anonymous_22)
FNDA:0,(anonymous_23)
FNDA:0,validateRequest
FNDA:0,validateRequestBody
DA:2,1
DA:8,1
DA:16,1
DA:18,1
DA:20,1
DA:22,1
DA:24,1
DA:29,1
DA:30,0
DA:31,0
DA:32,0
DA:34,0
DA:42,1
DA:47,1
DA:52,1
DA:57,1
DA:62,1
DA:68,1
DA:77,1
DA:85,1
DA:98,1
DA:115,1
DA:122,0
DA:130,1
DA:147,1
DA:165,1
DA:179,0
DA:183,0
DA:185,0
DA:186,0
DA:189,0
DA:190,0
DA:192,0
DA:202,0
DA:206,0
DA:207,0
DA:208,0
DA:210,0
DA:211,0
DA:214,0
DA:216,0
LF:41
LH:21
BRDA:34,0,0,0
BRDA:34,0,1,0
BRDA:34,0,2,0
BRDA:34,0,3,0
BRDA:185,1,0,0
BRDA:185,1,1,0
BRDA:210,2,0,0
BRDA:210,2,1,0
BRF:8
BRH:0
end_of_record
